2021-03-19 17:31:27,812 INFO  [ckan.cli] Using configuration file /home/elena/Desktop/local_ckan_1/src/ckanext-visualize/test.ini
2021-03-19 17:31:27,813 INFO  [ckan.config.environment] Loading static files from public
2021-03-19 17:31:27,861 INFO  [ckan.config.environment] Loading templates from /home/elena/Desktop/local_ckan_1/src/ckan/ckan/templates
2021-03-19 17:31:28,319 INFO  [ckan.config.environment] Loading templates from /home/elena/Desktop/local_ckan_1/src/ckan/ckan/templates
2021-03-19 17:31:28,446 CRITI [ckan.lib.uploader] Please specify a ckan.storage_path in your config
                         for your uploads
============================= test session starts ==============================
platform linux -- Python 3.6.9, pytest-4.6.5, py-1.10.0, pluggy-0.13.1
rootdir: /home/elena/Desktop/local_ckan_1/src/ckanext-visualize
plugins: pyfakefs-3.2, cov-2.7.1, freezegun-0.4.1, Faker-6.5.0, split-tests-1.0.9, rerunfailures-8.0
collected 19 items

ckanext/visualize/tests/test_blueprints.py ......FFFF                    [ 52%]
ckanext/visualize/tests/test_helpers.py ....                             [ 73%]
ckanext/visualize/tests/test_view.py .....                               [100%]

=================================== FAILURES ===================================
____________ TestAdminController.test_visualize_data_endpoint_post _____________

self = <ckanext.visualize.tests.test_blueprints.TestAdminController object at 0x7faefd0514e0>
app = <ckan.tests.helpers.CKANTestApp object at 0x7faefd0be080>

    def test_visualize_data_endpoint_post(self, app):
        user = factories.Sysadmin()
        env = {'REMOTE_USER': user.get('name').encode('ascii')}
        url = url_for(u'admin_visualize.visualize_data')
        params = {
            'save': True,
            'color_1': '#332288',
            'color_2': '#117733',
        }
        response = app.post(url=url, environ_overrides=env, params=params)
    
>       assert 302 == response.status_code
E       assert 302 == 403
E        +  where 403 = <CKANResponse streamed [403 FORBIDDEN]>.status_code

ckanext/visualize/tests/test_blueprints.py:120: AssertionError
---------------------------- Captured stdout setup -----------------------------
2021-03-19 17:31:33,369 INFO  [ckan.config.environment] Loading static files from public
2021-03-19 17:31:33,404 INFO  [ckan.config.environment] Loading templates from /home/elena/Desktop/local_ckan_1/src/ckan/ckan/templates
2021-03-19 17:31:33,547 INFO  [ckan.config.environment] Loading templates from /home/elena/Desktop/local_ckan_1/src/ckan/ckan/templates
------------------------------ Captured log setup ------------------------------
INFO     ckan.config.environment:environment.py:94 Loading static files from public
INFO     ckan.config.environment:environment.py:273 Loading templates from /home/elena/Desktop/local_ckan_1/src/ckan/ckan/templates
INFO     ckan.config.environment:environment.py:273 Loading templates from /home/elena/Desktop/local_ckan_1/src/ckan/ckan/templates
----------------------------- Captured stdout call -----------------------------
2021-03-19 17:31:33,969 INFO  [ckan.logic.action.update] Updated config options: {'bar_chart_icon': '/base/images/Bar-symbol.png', 'line_chart_icon': '/base/images/Line-symbol.png', 'point_chart_icon': '/base/images/Point-symbol.png', 'visualize_colors': '[{"color_1": "#332288"}, {"color_2": "#117733"}]'}
2021-03-19 17:31:33,970 INFO  [ckan.config.middleware.flask_app]  /ckan-admin/visualize_data render time 0.017 seconds
2021-03-19 17:31:34,003 ERROR [ckan.config.middleware.flask_app] 403 Forbidden: Need to be system administrator to administer
Traceback (most recent call last):
  File "/home/elena/Desktop/local_ckan_1/src/ckanext-visualize/ckanext/visualize/views/admin_visualize.py", line 28, in before_request
    logic.check_access(u'sysadmin', context)
  File "/home/elena/Desktop/local_ckan_1/src/ckan/ckan/logic/__init__.py", line 313, in check_access
    raise NotAuthorized(msg)
ckan.logic.NotAuthorized: Not authorized

During handling of the above exception, another exception occurred:

Traceback (most recent call last):
  File "/home/elena/Desktop/local_ckan_1/lib/python3.6/site-packages/flask/app.py", line 1947, in full_dispatch_request
    rv = self.preprocess_request()
  File "/home/elena/Desktop/local_ckan_1/lib/python3.6/site-packages/flask/app.py", line 2241, in preprocess_request
    rv = func()
  File "/home/elena/Desktop/local_ckan_1/src/ckanext-visualize/ckanext/visualize/views/admin_visualize.py", line 30, in before_request
    abort(403, _(u'Need to be system administrator to administer'))
  File "/home/elena/Desktop/local_ckan_1/src/ckan/ckan/lib/base.py", line 66, in abort
    flask_abort(status_code, detail)
  File "/home/elena/Desktop/local_ckan_1/lib/python3.6/site-packages/werkzeug/exceptions.py", line 822, in abort
    return _aborter(status, *args, **kwargs)
  File "/home/elena/Desktop/local_ckan_1/lib/python3.6/site-packages/werkzeug/exceptions.py", line 807, in __call__
    raise self.mapping[code](*args, **kwargs)
werkzeug.exceptions.Forbidden: 403 Forbidden: Need to be system administrator to administer
2021-03-19 17:31:34,114 INFO  [ckan.config.middleware.flask_app]  /ckan-admin/visualize_data render time 0.111 seconds
------------------------------ Captured log call -------------------------------
INFO     ckan.logic.action.update:update.py:1405 Updated config options: {'bar_chart_icon': '/base/images/Bar-symbol.png', 'line_chart_icon': '/base/images/Line-symbol.png', 'point_chart_icon': '/base/images/Point-symbol.png', 'visualize_colors': '[{"color_1": "#332288"}, {"color_2": "#117733"}]'}
INFO     ckan.config.middleware.flask_app:flask_app.py:403  /ckan-admin/visualize_data render time 0.017 seconds
ERROR    ckan.config.middleware.flask_app:flask_app.py:527 403 Forbidden: Need to be system administrator to administer
Traceback (most recent call last):
  File "/home/elena/Desktop/local_ckan_1/src/ckanext-visualize/ckanext/visualize/views/admin_visualize.py", line 28, in before_request
    logic.check_access(u'sysadmin', context)
  File "/home/elena/Desktop/local_ckan_1/src/ckan/ckan/logic/__init__.py", line 313, in check_access
    raise NotAuthorized(msg)
ckan.logic.NotAuthorized: Not authorized

During handling of the above exception, another exception occurred:

Traceback (most recent call last):
  File "/home/elena/Desktop/local_ckan_1/lib/python3.6/site-packages/flask/app.py", line 1947, in full_dispatch_request
    rv = self.preprocess_request()
  File "/home/elena/Desktop/local_ckan_1/lib/python3.6/site-packages/flask/app.py", line 2241, in preprocess_request
    rv = func()
  File "/home/elena/Desktop/local_ckan_1/src/ckanext-visualize/ckanext/visualize/views/admin_visualize.py", line 30, in before_request
    abort(403, _(u'Need to be system administrator to administer'))
  File "/home/elena/Desktop/local_ckan_1/src/ckan/ckan/lib/base.py", line 66, in abort
    flask_abort(status_code, detail)
  File "/home/elena/Desktop/local_ckan_1/lib/python3.6/site-packages/werkzeug/exceptions.py", line 822, in abort
    return _aborter(status, *args, **kwargs)
  File "/home/elena/Desktop/local_ckan_1/lib/python3.6/site-packages/werkzeug/exceptions.py", line 807, in __call__
    raise self.mapping[code](*args, **kwargs)
werkzeug.exceptions.Forbidden: 403 Forbidden: Need to be system administrator to administer
INFO     ckan.config.middleware.flask_app:flask_app.py:403  /ckan-admin/visualize_data render time 0.111 seconds
________ TestAdminController.test_visualize_data_endpoint_post_icon_url ________

self = <ckanext.visualize.tests.test_blueprints.TestAdminController object at 0x7faf00229f28>
app = <ckan.tests.helpers.CKANTestApp object at 0x7faefd3aea20>

    def test_visualize_data_endpoint_post_icon_url(self, app):
        user = factories.Sysadmin()
        env = {'REMOTE_USER': user.get('name').encode('ascii')}
        url = url_for(u'admin_visualize.visualize_data')
        params = {
            'save': True,
            'bar_chart_upload': 'http://example.com/image.png'
        }
        response = app.post(url=url, extra_environ=env,
                            params=params)
    
>       assert 302 == response.status_code
E       assert 302 == 403
E        +  where 403 = <CKANResponse streamed [403 FORBIDDEN]>.status_code

ckanext/visualize/tests/test_blueprints.py:133: AssertionError
---------------------------- Captured stdout setup -----------------------------
2021-03-19 17:31:34,130 INFO  [ckan.config.environment] Loading static files from public
2021-03-19 17:31:34,165 INFO  [ckan.config.environment] Loading templates from /home/elena/Desktop/local_ckan_1/src/ckan/ckan/templates
2021-03-19 17:31:34,307 INFO  [ckan.config.environment] Loading templates from /home/elena/Desktop/local_ckan_1/src/ckan/ckan/templates
------------------------------ Captured log setup ------------------------------
INFO     ckan.config.environment:environment.py:94 Loading static files from public
INFO     ckan.config.environment:environment.py:273 Loading templates from /home/elena/Desktop/local_ckan_1/src/ckan/ckan/templates
INFO     ckan.config.environment:environment.py:273 Loading templates from /home/elena/Desktop/local_ckan_1/src/ckan/ckan/templates
----------------------------- Captured stdout call -----------------------------
2021-03-19 17:31:34,660 INFO  [ckan.logic.action.update] Updated config options: {'bar_chart_icon': '/base/images/Bar-symbol.png', 'line_chart_icon': '/base/images/Line-symbol.png', 'point_chart_icon': '/base/images/Point-symbol.png', 'visualize_colors': '[]'}
2021-03-19 17:31:34,661 INFO  [ckan.config.middleware.flask_app]  /ckan-admin/visualize_data render time 0.011 seconds
2021-03-19 17:31:34,694 ERROR [ckan.config.middleware.flask_app] 403 Forbidden: Need to be system administrator to administer
Traceback (most recent call last):
  File "/home/elena/Desktop/local_ckan_1/src/ckanext-visualize/ckanext/visualize/views/admin_visualize.py", line 28, in before_request
    logic.check_access(u'sysadmin', context)
  File "/home/elena/Desktop/local_ckan_1/src/ckan/ckan/logic/__init__.py", line 313, in check_access
    raise NotAuthorized(msg)
ckan.logic.NotAuthorized: Not authorized

During handling of the above exception, another exception occurred:

Traceback (most recent call last):
  File "/home/elena/Desktop/local_ckan_1/lib/python3.6/site-packages/flask/app.py", line 1947, in full_dispatch_request
    rv = self.preprocess_request()
  File "/home/elena/Desktop/local_ckan_1/lib/python3.6/site-packages/flask/app.py", line 2241, in preprocess_request
    rv = func()
  File "/home/elena/Desktop/local_ckan_1/src/ckanext-visualize/ckanext/visualize/views/admin_visualize.py", line 30, in before_request
    abort(403, _(u'Need to be system administrator to administer'))
  File "/home/elena/Desktop/local_ckan_1/src/ckan/ckan/lib/base.py", line 66, in abort
    flask_abort(status_code, detail)
  File "/home/elena/Desktop/local_ckan_1/lib/python3.6/site-packages/werkzeug/exceptions.py", line 822, in abort
    return _aborter(status, *args, **kwargs)
  File "/home/elena/Desktop/local_ckan_1/lib/python3.6/site-packages/werkzeug/exceptions.py", line 807, in __call__
    raise self.mapping[code](*args, **kwargs)
werkzeug.exceptions.Forbidden: 403 Forbidden: Need to be system administrator to administer
2021-03-19 17:31:34,802 INFO  [ckan.config.middleware.flask_app]  /ckan-admin/visualize_data render time 0.109 seconds
------------------------------ Captured log call -------------------------------
INFO     ckan.logic.action.update:update.py:1405 Updated config options: {'bar_chart_icon': '/base/images/Bar-symbol.png', 'line_chart_icon': '/base/images/Line-symbol.png', 'point_chart_icon': '/base/images/Point-symbol.png', 'visualize_colors': '[]'}
INFO     ckan.config.middleware.flask_app:flask_app.py:403  /ckan-admin/visualize_data render time 0.011 seconds
ERROR    ckan.config.middleware.flask_app:flask_app.py:527 403 Forbidden: Need to be system administrator to administer
Traceback (most recent call last):
  File "/home/elena/Desktop/local_ckan_1/src/ckanext-visualize/ckanext/visualize/views/admin_visualize.py", line 28, in before_request
    logic.check_access(u'sysadmin', context)
  File "/home/elena/Desktop/local_ckan_1/src/ckan/ckan/logic/__init__.py", line 313, in check_access
    raise NotAuthorized(msg)
ckan.logic.NotAuthorized: Not authorized

During handling of the above exception, another exception occurred:

Traceback (most recent call last):
  File "/home/elena/Desktop/local_ckan_1/lib/python3.6/site-packages/flask/app.py", line 1947, in full_dispatch_request
    rv = self.preprocess_request()
  File "/home/elena/Desktop/local_ckan_1/lib/python3.6/site-packages/flask/app.py", line 2241, in preprocess_request
    rv = func()
  File "/home/elena/Desktop/local_ckan_1/src/ckanext-visualize/ckanext/visualize/views/admin_visualize.py", line 30, in before_request
    abort(403, _(u'Need to be system administrator to administer'))
  File "/home/elena/Desktop/local_ckan_1/src/ckan/ckan/lib/base.py", line 66, in abort
    flask_abort(status_code, detail)
  File "/home/elena/Desktop/local_ckan_1/lib/python3.6/site-packages/werkzeug/exceptions.py", line 822, in abort
    return _aborter(status, *args, **kwargs)
  File "/home/elena/Desktop/local_ckan_1/lib/python3.6/site-packages/werkzeug/exceptions.py", line 807, in __call__
    raise self.mapping[code](*args, **kwargs)
werkzeug.exceptions.Forbidden: 403 Forbidden: Need to be system administrator to administer
INFO     ckan.config.middleware.flask_app:flask_app.py:403  /ckan-admin/visualize_data render time 0.109 seconds
______ TestAdminController.test_visualize_data_endpoint_post_icon_upload _______

self = <ckanext.visualize.tests.test_blueprints.TestAdminController object at 0x7faefcf86f28>
app = <ckan.tests.helpers.CKANTestApp object at 0x7faefcf3b0f0>

    def test_visualize_data_endpoint_post_icon_upload(self, app):
        user = factories.Sysadmin()
        env = {'REMOTE_USER': user.get('name').encode('ascii')}
        url = url_for(u'admin_visualize.visualize_data')
        params = {
            'save': True,
        }
        upload_content = 'image data'
        upload_info = ('bar_chart_upload', 'image.png', upload_content)
        response = app.post(url=url, extra_environ=env,
>           params=params, upload_files=[upload_info])

ckanext/visualize/tests/test_blueprints.py:145: 
_ _ _ _ _ _ _ _ _ _ _ _ _ _ _ _ _ _ _ _ _ _ _ _ _ _ _ _ _ _ _ _ _ _ _ _ _ _ _ _ 
../ckan/ckan/tests/helpers.py:227: in post
    res = self.test_client().post(url, *args, **kwargs)
../../lib/python3.6/site-packages/werkzeug/test.py:1016: in post
    return self.open(*args, **kw)
../ckan/ckan/tests/helpers.py:265: in open
    res = super(CKANTestClient, self).open(*args, **kwargs)
_ _ _ _ _ _ _ _ _ _ _ _ _ _ _ _ _ _ _ _ _ _ _ _ _ _ _ _ _ _ _ _ _ _ _ _ _ _ _ _ 

self = <CKANTestClient <ckan.config.middleware.common_middleware.TrackingMiddleware object at 0x7faefcdac400>>
args = ('/ckan-admin/visualize_data',)
kwargs = {'base_url': 'http://test.ckan.net', 'data': {'save': True}, 'environ_overrides': {'REMOTE_USER': b'test_sysadmin_04'}, 'method': 'POST', ...}
as_tuple = False, buffered = False, follow_redirects = True, environ = None

    def open(self, *args, **kwargs):
        """Takes the same arguments as the :class:`EnvironBuilder` class with
        some additions:  You can provide a :class:`EnvironBuilder` or a WSGI
        environment as only argument instead of the :class:`EnvironBuilder`
        arguments and two optional keyword arguments (`as_tuple`, `buffered`)
        that change the type of the return value or the way the application is
        executed.
    
        .. versionchanged:: 0.5
           If a dict is provided as file in the dict for the `data` parameter
           the content type has to be called `content_type` now instead of
           `mimetype`.  This change was made for consistency with
           :class:`werkzeug.FileWrapper`.
    
            The `follow_redirects` parameter was added to :func:`open`.
    
        Additional parameters:
    
        :param as_tuple: Returns a tuple in the form ``(environ, result)``
        :param buffered: Set this to True to buffer the application run.
                         This will automatically close the application for
                         you as well.
        :param follow_redirects: Set this to True if the `Client` should
                                 follow HTTP redirects.
        """
        as_tuple = kwargs.pop("as_tuple", False)
        buffered = kwargs.pop("buffered", False)
        follow_redirects = kwargs.pop("follow_redirects", False)
        environ = None
        if not kwargs and len(args) == 1:
            if isinstance(args[0], EnvironBuilder):
                environ = args[0].get_environ()
            elif isinstance(args[0], dict):
                environ = args[0]
        if environ is None:
>           builder = EnvironBuilder(*args, **kwargs)
E           TypeError: __init__() got an unexpected keyword argument 'upload_files'

../../lib/python3.6/site-packages/werkzeug/test.py:964: TypeError
---------------------------- Captured stdout setup -----------------------------
2021-03-19 17:31:34,813 INFO  [ckan.config.environment] Loading static files from public
2021-03-19 17:31:34,848 INFO  [ckan.config.environment] Loading templates from /home/elena/Desktop/local_ckan_1/src/ckan/ckan/templates
2021-03-19 17:31:34,988 INFO  [ckan.config.environment] Loading templates from /home/elena/Desktop/local_ckan_1/src/ckan/ckan/templates
------------------------------ Captured log setup ------------------------------
INFO     ckan.config.environment:environment.py:94 Loading static files from public
INFO     ckan.config.environment:environment.py:273 Loading templates from /home/elena/Desktop/local_ckan_1/src/ckan/ckan/templates
INFO     ckan.config.environment:environment.py:273 Loading templates from /home/elena/Desktop/local_ckan_1/src/ckan/ckan/templates
____________ TestAdminController.test_visualize_data_endpoint_reset ____________

self = <ckanext.visualize.tests.test_blueprints.TestAdminController object at 0x7faefcde9f60>
app = <ckan.tests.helpers.CKANTestApp object at 0x7faefcdaccf8>

    def test_visualize_data_endpoint_reset(self, app):
        user = factories.Sysadmin()
        env = {'REMOTE_USER': user.get('name').encode('ascii')}
        url = url_for(u'admin_visualize.visualize_data')
        params = {
            'reset': 'true',
            'color_1': '#332288',
            'color_2': '#117733',
        }
        response = app.post(url=url, extra_environ=env, params=params)
    
>       assert 302 == response.status_code
E       assert 302 == 200
E        +  where 200 = <CKANResponse streamed [200 OK]>.status_code

ckanext/visualize/tests/test_blueprints.py:160: AssertionError
---------------------------- Captured stdout setup -----------------------------
2021-03-19 17:31:35,381 INFO  [ckan.config.environment] Loading static files from public
2021-03-19 17:31:35,414 INFO  [ckan.config.environment] Loading templates from /home/elena/Desktop/local_ckan_1/src/ckan/ckan/templates
2021-03-19 17:31:35,554 INFO  [ckan.config.environment] Loading templates from /home/elena/Desktop/local_ckan_1/src/ckan/ckan/templates
------------------------------ Captured log setup ------------------------------
INFO     ckan.config.environment:environment.py:94 Loading static files from public
INFO     ckan.config.environment:environment.py:273 Loading templates from /home/elena/Desktop/local_ckan_1/src/ckan/ckan/templates
INFO     ckan.config.environment:environment.py:273 Loading templates from /home/elena/Desktop/local_ckan_1/src/ckan/ckan/templates
----------------------------- Captured stdout call -----------------------------
2021-03-19 17:31:36,187 INFO  [ckan.config.middleware.flask_app]  /ckan-admin/visualize_data render time 0.289 seconds
------------------------------ Captured log call -------------------------------
INFO     ckan.config.middleware.flask_app:flask_app.py:403  /ckan-admin/visualize_data render time 0.289 seconds
=============================== warnings summary ===============================
ckanext/visualize/tests/test_blueprints.py::TestVisualizeDataController::test_visualize_data_endpoint_no_resource_provided
ckanext/visualize/tests/test_blueprints.py::TestVisualizeDataController::test_visualize_data_endpoint_no_resource_provided
ckanext/visualize/tests/test_blueprints.py::TestVisualizeDataController::test_visualize_data_endpoint_no_resource_provided
ckanext/visualize/tests/test_blueprints.py::TestVisualizeDataController::test_visualize_data_endpoint_no_resource_provided
ckanext/visualize/tests/test_blueprints.py::TestVisualizeDataController::test_visualize_data_endpoint_resource_not_found
ckanext/visualize/tests/test_blueprints.py::TestVisualizeDataController::test_visualize_data_endpoint_resource_not_found
ckanext/visualize/tests/test_blueprints.py::TestVisualizeDataController::test_visualize_data_endpoint_resource_not_found
ckanext/visualize/tests/test_blueprints.py::TestVisualizeDataController::test_visualize_data_endpoint_resource_not_found
ckanext/visualize/tests/test_blueprints.py::TestVisualizeDataController::test_visualize_data_endpoint_not_authorized
ckanext/visualize/tests/test_blueprints.py::TestVisualizeDataController::test_visualize_data_endpoint_not_authorized
ckanext/visualize/tests/test_blueprints.py::TestVisualizeDataController::test_visualize_data_endpoint_not_authorized
ckanext/visualize/tests/test_blueprints.py::TestVisualizeDataController::test_visualize_data_endpoint_not_authorized
ckanext/visualize/tests/test_blueprints.py::TestVisualizeDataController::test_visualize_data_endpoint
ckanext/visualize/tests/test_blueprints.py::TestVisualizeDataController::test_visualize_data_endpoint
ckanext/visualize/tests/test_blueprints.py::TestVisualizeDataController::test_visualize_data_endpoint
ckanext/visualize/tests/test_blueprints.py::TestVisualizeDataController::test_visualize_data_endpoint
ckanext/visualize/tests/test_blueprints.py::TestAdminController::test_visualize_data_endpoint_admin
ckanext/visualize/tests/test_blueprints.py::TestAdminController::test_visualize_data_endpoint_admin
ckanext/visualize/tests/test_blueprints.py::TestAdminController::test_visualize_data_endpoint_admin
ckanext/visualize/tests/test_blueprints.py::TestAdminController::test_visualize_data_endpoint_admin
ckanext/visualize/tests/test_blueprints.py::TestAdminController::test_visualize_data_endpoint_admin
ckanext/visualize/tests/test_blueprints.py::TestAdminController::test_visualize_data_endpoint_predefined_color
ckanext/visualize/tests/test_blueprints.py::TestAdminController::test_visualize_data_endpoint_predefined_color
ckanext/visualize/tests/test_blueprints.py::TestAdminController::test_visualize_data_endpoint_predefined_color
ckanext/visualize/tests/test_blueprints.py::TestAdminController::test_visualize_data_endpoint_predefined_color
ckanext/visualize/tests/test_blueprints.py::TestAdminController::test_visualize_data_endpoint_predefined_color
ckanext/visualize/tests/test_blueprints.py::TestAdminController::test_visualize_data_endpoint_post
ckanext/visualize/tests/test_blueprints.py::TestAdminController::test_visualize_data_endpoint_post
ckanext/visualize/tests/test_blueprints.py::TestAdminController::test_visualize_data_endpoint_post
ckanext/visualize/tests/test_blueprints.py::TestAdminController::test_visualize_data_endpoint_post
ckanext/visualize/tests/test_blueprints.py::TestAdminController::test_visualize_data_endpoint_post
ckanext/visualize/tests/test_blueprints.py::TestAdminController::test_visualize_data_endpoint_post
ckanext/visualize/tests/test_blueprints.py::TestAdminController::test_visualize_data_endpoint_post_icon_url
ckanext/visualize/tests/test_blueprints.py::TestAdminController::test_visualize_data_endpoint_post_icon_url
ckanext/visualize/tests/test_blueprints.py::TestAdminController::test_visualize_data_endpoint_post_icon_url
ckanext/visualize/tests/test_blueprints.py::TestAdminController::test_visualize_data_endpoint_post_icon_url
ckanext/visualize/tests/test_blueprints.py::TestAdminController::test_visualize_data_endpoint_post_icon_url
ckanext/visualize/tests/test_blueprints.py::TestAdminController::test_visualize_data_endpoint_post_icon_url
ckanext/visualize/tests/test_blueprints.py::TestAdminController::test_visualize_data_endpoint_post_icon_upload
ckanext/visualize/tests/test_blueprints.py::TestAdminController::test_visualize_data_endpoint_post_icon_upload
ckanext/visualize/tests/test_blueprints.py::TestAdminController::test_visualize_data_endpoint_post_icon_upload
ckanext/visualize/tests/test_blueprints.py::TestAdminController::test_visualize_data_endpoint_post_icon_upload
ckanext/visualize/tests/test_blueprints.py::TestAdminController::test_visualize_data_endpoint_post_icon_upload
ckanext/visualize/tests/test_blueprints.py::TestAdminController::test_visualize_data_endpoint_reset
ckanext/visualize/tests/test_blueprints.py::TestAdminController::test_visualize_data_endpoint_reset
ckanext/visualize/tests/test_blueprints.py::TestAdminController::test_visualize_data_endpoint_reset
ckanext/visualize/tests/test_blueprints.py::TestAdminController::test_visualize_data_endpoint_reset
ckanext/visualize/tests/test_blueprints.py::TestAdminController::test_visualize_data_endpoint_reset
ckanext/visualize/tests/test_helpers.py::TestHelpers::test_get_color_palette
ckanext/visualize/tests/test_helpers.py::TestHelpers::test_get_color_palette
ckanext/visualize/tests/test_helpers.py::TestHelpers::test_get_color_palette
ckanext/visualize/tests/test_helpers.py::TestHelpers::test_get_color_palette
ckanext/visualize/tests/test_helpers.py::TestHelpers::test_get_color_palette
ckanext/visualize/tests/test_helpers.py::TestHelpers::test_get_color_palette_from_config
ckanext/visualize/tests/test_helpers.py::TestHelpers::test_get_color_palette_from_config
ckanext/visualize/tests/test_helpers.py::TestHelpers::test_get_color_palette_from_config
ckanext/visualize/tests/test_helpers.py::TestHelpers::test_get_color_palette_from_config
ckanext/visualize/tests/test_helpers.py::TestHelpers::test_get_color_palette_from_config
ckanext/visualize/tests/test_helpers.py::TestHelpers::test_get_color_palette_from_config
ckanext/visualize/tests/test_helpers.py::TestHelpers::test_get_color_palette_from_config
ckanext/visualize/tests/test_helpers.py::TestHelpers::test_get_icon_for_data_type
ckanext/visualize/tests/test_helpers.py::TestHelpers::test_get_icon_for_data_type
ckanext/visualize/tests/test_helpers.py::TestHelpers::test_get_icon_for_data_type
ckanext/visualize/tests/test_helpers.py::TestHelpers::test_get_icon_for_data_type
ckanext/visualize/tests/test_helpers.py::TestHelpers::test_get_icon_for_data_type
ckanext/visualize/tests/test_helpers.py::TestHelpers::test_get_icon_for_data_type
ckanext/visualize/tests/test_helpers.py::TestHelpers::test_get_icon_for_data_type
ckanext/visualize/tests/test_helpers.py::TestHelpers::test_get_icon_for_data_type_no_type
ckanext/visualize/tests/test_helpers.py::TestHelpers::test_get_icon_for_data_type_no_type
ckanext/visualize/tests/test_helpers.py::TestHelpers::test_get_icon_for_data_type_no_type
ckanext/visualize/tests/test_helpers.py::TestHelpers::test_get_icon_for_data_type_no_type
ckanext/visualize/tests/test_helpers.py::TestHelpers::test_get_icon_for_data_type_no_type
ckanext/visualize/tests/test_helpers.py::TestHelpers::test_get_icon_for_data_type_no_type
ckanext/visualize/tests/test_helpers.py::TestHelpers::test_get_icon_for_data_type_no_type
ckanext/visualize/tests/test_view.py::TestVisualizeView::test_info
ckanext/visualize/tests/test_view.py::TestVisualizeView::test_info
ckanext/visualize/tests/test_view.py::TestVisualizeView::test_info
ckanext/visualize/tests/test_view.py::TestVisualizeView::test_info
ckanext/visualize/tests/test_view.py::TestVisualizeView::test_info
ckanext/visualize/tests/test_view.py::TestVisualizeView::test_info
ckanext/visualize/tests/test_view.py::TestVisualizeView::test_info
ckanext/visualize/tests/test_view.py::TestVisualizeView::test_can_view
ckanext/visualize/tests/test_view.py::TestVisualizeView::test_can_view
ckanext/visualize/tests/test_view.py::TestVisualizeView::test_can_view
ckanext/visualize/tests/test_view.py::TestVisualizeView::test_can_view
ckanext/visualize/tests/test_view.py::TestVisualizeView::test_can_view
ckanext/visualize/tests/test_view.py::TestVisualizeView::test_can_view
ckanext/visualize/tests/test_view.py::TestVisualizeView::test_can_view
ckanext/visualize/tests/test_view.py::TestVisualizeView::test_setup_template_variables
ckanext/visualize/tests/test_view.py::TestVisualizeView::test_setup_template_variables
ckanext/visualize/tests/test_view.py::TestVisualizeView::test_setup_template_variables
ckanext/visualize/tests/test_view.py::TestVisualizeView::test_setup_template_variables
ckanext/visualize/tests/test_view.py::TestVisualizeView::test_setup_template_variables
ckanext/visualize/tests/test_view.py::TestVisualizeView::test_setup_template_variables
ckanext/visualize/tests/test_view.py::TestVisualizeView::test_setup_template_variables
ckanext/visualize/tests/test_view.py::TestVisualizeView::test_view_template
ckanext/visualize/tests/test_view.py::TestVisualizeView::test_view_template
ckanext/visualize/tests/test_view.py::TestVisualizeView::test_view_template
ckanext/visualize/tests/test_view.py::TestVisualizeView::test_view_template
ckanext/visualize/tests/test_view.py::TestVisualizeView::test_view_template
ckanext/visualize/tests/test_view.py::TestVisualizeView::test_view_template
ckanext/visualize/tests/test_view.py::TestVisualizeView::test_view_template
ckanext/visualize/tests/test_view.py::TestVisualizeView::test_update_config_schema
ckanext/visualize/tests/test_view.py::TestVisualizeView::test_update_config_schema
ckanext/visualize/tests/test_view.py::TestVisualizeView::test_update_config_schema
ckanext/visualize/tests/test_view.py::TestVisualizeView::test_update_config_schema
ckanext/visualize/tests/test_view.py::TestVisualizeView::test_update_config_schema
ckanext/visualize/tests/test_view.py::TestVisualizeView::test_update_config_schema
ckanext/visualize/tests/test_view.py::TestVisualizeView::test_update_config_schema
  /home/elena/Desktop/local_ckan_1/lib/python3.6/site-packages/sqlalchemy/orm/session.py:3214: SADeprecationWarning: SessionExtension is deprecated in favor of the SessionEvents listener interface.  The Session.extension parameter will be removed in a future release.
    return self.class_(**local_kw)

ckanext/visualize/tests/test_blueprints.py::TestVisualizeDataController::test_visualize_data_endpoint_no_resource_provided
ckanext/visualize/tests/test_blueprints.py::TestVisualizeDataController::test_visualize_data_endpoint_no_resource_provided
ckanext/visualize/tests/test_blueprints.py::TestVisualizeDataController::test_visualize_data_endpoint_no_resource_provided
ckanext/visualize/tests/test_blueprints.py::TestVisualizeDataController::test_visualize_data_endpoint_no_resource_provided
ckanext/visualize/tests/test_blueprints.py::TestVisualizeDataController::test_visualize_data_endpoint_no_resource_provided
ckanext/visualize/tests/test_blueprints.py::TestVisualizeDataController::test_visualize_data_endpoint_no_resource_provided
ckanext/visualize/tests/test_blueprints.py::TestVisualizeDataController::test_visualize_data_endpoint_no_resource_provided
ckanext/visualize/tests/test_blueprints.py::TestVisualizeDataController::test_visualize_data_endpoint_no_resource_provided
ckanext/visualize/tests/test_blueprints.py::TestVisualizeDataController::test_visualize_data_endpoint_no_resource_provided
ckanext/visualize/tests/test_blueprints.py::TestVisualizeDataController::test_visualize_data_endpoint_no_resource_provided
ckanext/visualize/tests/test_blueprints.py::TestVisualizeDataController::test_visualize_data_endpoint_no_resource_provided
ckanext/visualize/tests/test_blueprints.py::TestVisualizeDataController::test_visualize_data_endpoint_no_resource_provided
ckanext/visualize/tests/test_blueprints.py::TestVisualizeDataController::test_visualize_data_endpoint_resource_not_found
ckanext/visualize/tests/test_blueprints.py::TestVisualizeDataController::test_visualize_data_endpoint_resource_not_found
ckanext/visualize/tests/test_blueprints.py::TestVisualizeDataController::test_visualize_data_endpoint_resource_not_found
ckanext/visualize/tests/test_blueprints.py::TestVisualizeDataController::test_visualize_data_endpoint_resource_not_found
ckanext/visualize/tests/test_blueprints.py::TestVisualizeDataController::test_visualize_data_endpoint_resource_not_found
ckanext/visualize/tests/test_blueprints.py::TestVisualizeDataController::test_visualize_data_endpoint_resource_not_found
ckanext/visualize/tests/test_blueprints.py::TestVisualizeDataController::test_visualize_data_endpoint_resource_not_found
ckanext/visualize/tests/test_blueprints.py::TestVisualizeDataController::test_visualize_data_endpoint_resource_not_found
ckanext/visualize/tests/test_blueprints.py::TestVisualizeDataController::test_visualize_data_endpoint_resource_not_found
ckanext/visualize/tests/test_blueprints.py::TestVisualizeDataController::test_visualize_data_endpoint_resource_not_found
ckanext/visualize/tests/test_blueprints.py::TestVisualizeDataController::test_visualize_data_endpoint_resource_not_found
ckanext/visualize/tests/test_blueprints.py::TestVisualizeDataController::test_visualize_data_endpoint_resource_not_found
ckanext/visualize/tests/test_blueprints.py::TestVisualizeDataController::test_visualize_data_endpoint_not_authorized
ckanext/visualize/tests/test_blueprints.py::TestVisualizeDataController::test_visualize_data_endpoint_not_authorized
ckanext/visualize/tests/test_blueprints.py::TestVisualizeDataController::test_visualize_data_endpoint_not_authorized
ckanext/visualize/tests/test_blueprints.py::TestVisualizeDataController::test_visualize_data_endpoint_not_authorized
ckanext/visualize/tests/test_blueprints.py::TestVisualizeDataController::test_visualize_data_endpoint_not_authorized
ckanext/visualize/tests/test_blueprints.py::TestVisualizeDataController::test_visualize_data_endpoint_not_authorized
ckanext/visualize/tests/test_blueprints.py::TestVisualizeDataController::test_visualize_data_endpoint_not_authorized
ckanext/visualize/tests/test_blueprints.py::TestVisualizeDataController::test_visualize_data_endpoint_not_authorized
ckanext/visualize/tests/test_blueprints.py::TestVisualizeDataController::test_visualize_data_endpoint_not_authorized
ckanext/visualize/tests/test_blueprints.py::TestVisualizeDataController::test_visualize_data_endpoint_not_authorized
ckanext/visualize/tests/test_blueprints.py::TestVisualizeDataController::test_visualize_data_endpoint_not_authorized
ckanext/visualize/tests/test_blueprints.py::TestVisualizeDataController::test_visualize_data_endpoint_not_authorized
ckanext/visualize/tests/test_blueprints.py::TestVisualizeDataController::test_visualize_data_endpoint
ckanext/visualize/tests/test_blueprints.py::TestVisualizeDataController::test_visualize_data_endpoint
ckanext/visualize/tests/test_blueprints.py::TestVisualizeDataController::test_visualize_data_endpoint
ckanext/visualize/tests/test_blueprints.py::TestVisualizeDataController::test_visualize_data_endpoint
ckanext/visualize/tests/test_blueprints.py::TestVisualizeDataController::test_visualize_data_endpoint
ckanext/visualize/tests/test_blueprints.py::TestVisualizeDataController::test_visualize_data_endpoint
ckanext/visualize/tests/test_blueprints.py::TestVisualizeDataController::test_visualize_data_endpoint
ckanext/visualize/tests/test_blueprints.py::TestVisualizeDataController::test_visualize_data_endpoint
ckanext/visualize/tests/test_blueprints.py::TestVisualizeDataController::test_visualize_data_endpoint
ckanext/visualize/tests/test_blueprints.py::TestVisualizeDataController::test_visualize_data_endpoint
ckanext/visualize/tests/test_blueprints.py::TestVisualizeDataController::test_visualize_data_endpoint
ckanext/visualize/tests/test_blueprints.py::TestVisualizeDataController::test_visualize_data_endpoint
ckanext/visualize/tests/test_blueprints.py::TestAdminController::test_visualize_data_endpoint_admin
ckanext/visualize/tests/test_blueprints.py::TestAdminController::test_visualize_data_endpoint_admin
ckanext/visualize/tests/test_blueprints.py::TestAdminController::test_visualize_data_endpoint_admin
ckanext/visualize/tests/test_blueprints.py::TestAdminController::test_visualize_data_endpoint_admin
ckanext/visualize/tests/test_blueprints.py::TestAdminController::test_visualize_data_endpoint_admin
ckanext/visualize/tests/test_blueprints.py::TestAdminController::test_visualize_data_endpoint_admin
ckanext/visualize/tests/test_blueprints.py::TestAdminController::test_visualize_data_endpoint_admin
ckanext/visualize/tests/test_blueprints.py::TestAdminController::test_visualize_data_endpoint_admin
ckanext/visualize/tests/test_blueprints.py::TestAdminController::test_visualize_data_endpoint_admin
ckanext/visualize/tests/test_blueprints.py::TestAdminController::test_visualize_data_endpoint_admin
ckanext/visualize/tests/test_blueprints.py::TestAdminController::test_visualize_data_endpoint_admin
ckanext/visualize/tests/test_blueprints.py::TestAdminController::test_visualize_data_endpoint_admin
ckanext/visualize/tests/test_blueprints.py::TestAdminController::test_visualize_data_endpoint_admin
ckanext/visualize/tests/test_blueprints.py::TestAdminController::test_visualize_data_endpoint_admin
ckanext/visualize/tests/test_blueprints.py::TestAdminController::test_visualize_data_endpoint_admin
ckanext/visualize/tests/test_blueprints.py::TestAdminController::test_visualize_data_endpoint_predefined_color
ckanext/visualize/tests/test_blueprints.py::TestAdminController::test_visualize_data_endpoint_predefined_color
ckanext/visualize/tests/test_blueprints.py::TestAdminController::test_visualize_data_endpoint_predefined_color
ckanext/visualize/tests/test_blueprints.py::TestAdminController::test_visualize_data_endpoint_predefined_color
ckanext/visualize/tests/test_blueprints.py::TestAdminController::test_visualize_data_endpoint_predefined_color
ckanext/visualize/tests/test_blueprints.py::TestAdminController::test_visualize_data_endpoint_predefined_color
ckanext/visualize/tests/test_blueprints.py::TestAdminController::test_visualize_data_endpoint_predefined_color
ckanext/visualize/tests/test_blueprints.py::TestAdminController::test_visualize_data_endpoint_predefined_color
ckanext/visualize/tests/test_blueprints.py::TestAdminController::test_visualize_data_endpoint_predefined_color
ckanext/visualize/tests/test_blueprints.py::TestAdminController::test_visualize_data_endpoint_predefined_color
ckanext/visualize/tests/test_blueprints.py::TestAdminController::test_visualize_data_endpoint_predefined_color
ckanext/visualize/tests/test_blueprints.py::TestAdminController::test_visualize_data_endpoint_predefined_color
ckanext/visualize/tests/test_blueprints.py::TestAdminController::test_visualize_data_endpoint_predefined_color
ckanext/visualize/tests/test_blueprints.py::TestAdminController::test_visualize_data_endpoint_predefined_color
ckanext/visualize/tests/test_blueprints.py::TestAdminController::test_visualize_data_endpoint_predefined_color
ckanext/visualize/tests/test_blueprints.py::TestAdminController::test_visualize_data_endpoint_post
ckanext/visualize/tests/test_blueprints.py::TestAdminController::test_visualize_data_endpoint_post
ckanext/visualize/tests/test_blueprints.py::TestAdminController::test_visualize_data_endpoint_post
ckanext/visualize/tests/test_blueprints.py::TestAdminController::test_visualize_data_endpoint_post
ckanext/visualize/tests/test_blueprints.py::TestAdminController::test_visualize_data_endpoint_post
ckanext/visualize/tests/test_blueprints.py::TestAdminController::test_visualize_data_endpoint_post
ckanext/visualize/tests/test_blueprints.py::TestAdminController::test_visualize_data_endpoint_post
ckanext/visualize/tests/test_blueprints.py::TestAdminController::test_visualize_data_endpoint_post
ckanext/visualize/tests/test_blueprints.py::TestAdminController::test_visualize_data_endpoint_post
ckanext/visualize/tests/test_blueprints.py::TestAdminController::test_visualize_data_endpoint_post
ckanext/visualize/tests/test_blueprints.py::TestAdminController::test_visualize_data_endpoint_post
ckanext/visualize/tests/test_blueprints.py::TestAdminController::test_visualize_data_endpoint_post
ckanext/visualize/tests/test_blueprints.py::TestAdminController::test_visualize_data_endpoint_post
ckanext/visualize/tests/test_blueprints.py::TestAdminController::test_visualize_data_endpoint_post
ckanext/visualize/tests/test_blueprints.py::TestAdminController::test_visualize_data_endpoint_post
ckanext/visualize/tests/test_blueprints.py::TestAdminController::test_visualize_data_endpoint_post
ckanext/visualize/tests/test_blueprints.py::TestAdminController::test_visualize_data_endpoint_post
ckanext/visualize/tests/test_blueprints.py::TestAdminController::test_visualize_data_endpoint_post
ckanext/visualize/tests/test_blueprints.py::TestAdminController::test_visualize_data_endpoint_post_icon_url
ckanext/visualize/tests/test_blueprints.py::TestAdminController::test_visualize_data_endpoint_post_icon_url
ckanext/visualize/tests/test_blueprints.py::TestAdminController::test_visualize_data_endpoint_post_icon_url
ckanext/visualize/tests/test_blueprints.py::TestAdminController::test_visualize_data_endpoint_post_icon_url
ckanext/visualize/tests/test_blueprints.py::TestAdminController::test_visualize_data_endpoint_post_icon_url
ckanext/visualize/tests/test_blueprints.py::TestAdminController::test_visualize_data_endpoint_post_icon_url
ckanext/visualize/tests/test_blueprints.py::TestAdminController::test_visualize_data_endpoint_post_icon_url
ckanext/visualize/tests/test_blueprints.py::TestAdminController::test_visualize_data_endpoint_post_icon_url
ckanext/visualize/tests/test_blueprints.py::TestAdminController::test_visualize_data_endpoint_post_icon_url
ckanext/visualize/tests/test_blueprints.py::TestAdminController::test_visualize_data_endpoint_post_icon_url
ckanext/visualize/tests/test_blueprints.py::TestAdminController::test_visualize_data_endpoint_post_icon_url
ckanext/visualize/tests/test_blueprints.py::TestAdminController::test_visualize_data_endpoint_post_icon_url
ckanext/visualize/tests/test_blueprints.py::TestAdminController::test_visualize_data_endpoint_post_icon_url
ckanext/visualize/tests/test_blueprints.py::TestAdminController::test_visualize_data_endpoint_post_icon_url
ckanext/visualize/tests/test_blueprints.py::TestAdminController::test_visualize_data_endpoint_post_icon_url
ckanext/visualize/tests/test_blueprints.py::TestAdminController::test_visualize_data_endpoint_post_icon_url
ckanext/visualize/tests/test_blueprints.py::TestAdminController::test_visualize_data_endpoint_post_icon_url
ckanext/visualize/tests/test_blueprints.py::TestAdminController::test_visualize_data_endpoint_post_icon_url
ckanext/visualize/tests/test_blueprints.py::TestAdminController::test_visualize_data_endpoint_post_icon_upload
ckanext/visualize/tests/test_blueprints.py::TestAdminController::test_visualize_data_endpoint_post_icon_upload
ckanext/visualize/tests/test_blueprints.py::TestAdminController::test_visualize_data_endpoint_post_icon_upload
ckanext/visualize/tests/test_blueprints.py::TestAdminController::test_visualize_data_endpoint_post_icon_upload
ckanext/visualize/tests/test_blueprints.py::TestAdminController::test_visualize_data_endpoint_post_icon_upload
ckanext/visualize/tests/test_blueprints.py::TestAdminController::test_visualize_data_endpoint_post_icon_upload
ckanext/visualize/tests/test_blueprints.py::TestAdminController::test_visualize_data_endpoint_post_icon_upload
ckanext/visualize/tests/test_blueprints.py::TestAdminController::test_visualize_data_endpoint_post_icon_upload
ckanext/visualize/tests/test_blueprints.py::TestAdminController::test_visualize_data_endpoint_post_icon_upload
ckanext/visualize/tests/test_blueprints.py::TestAdminController::test_visualize_data_endpoint_post_icon_upload
ckanext/visualize/tests/test_blueprints.py::TestAdminController::test_visualize_data_endpoint_post_icon_upload
ckanext/visualize/tests/test_blueprints.py::TestAdminController::test_visualize_data_endpoint_post_icon_upload
ckanext/visualize/tests/test_blueprints.py::TestAdminController::test_visualize_data_endpoint_post_icon_upload
ckanext/visualize/tests/test_blueprints.py::TestAdminController::test_visualize_data_endpoint_post_icon_upload
ckanext/visualize/tests/test_blueprints.py::TestAdminController::test_visualize_data_endpoint_post_icon_upload
ckanext/visualize/tests/test_blueprints.py::TestAdminController::test_visualize_data_endpoint_reset
ckanext/visualize/tests/test_blueprints.py::TestAdminController::test_visualize_data_endpoint_reset
ckanext/visualize/tests/test_blueprints.py::TestAdminController::test_visualize_data_endpoint_reset
ckanext/visualize/tests/test_blueprints.py::TestAdminController::test_visualize_data_endpoint_reset
ckanext/visualize/tests/test_blueprints.py::TestAdminController::test_visualize_data_endpoint_reset
ckanext/visualize/tests/test_blueprints.py::TestAdminController::test_visualize_data_endpoint_reset
ckanext/visualize/tests/test_blueprints.py::TestAdminController::test_visualize_data_endpoint_reset
ckanext/visualize/tests/test_blueprints.py::TestAdminController::test_visualize_data_endpoint_reset
ckanext/visualize/tests/test_blueprints.py::TestAdminController::test_visualize_data_endpoint_reset
ckanext/visualize/tests/test_blueprints.py::TestAdminController::test_visualize_data_endpoint_reset
ckanext/visualize/tests/test_blueprints.py::TestAdminController::test_visualize_data_endpoint_reset
ckanext/visualize/tests/test_blueprints.py::TestAdminController::test_visualize_data_endpoint_reset
ckanext/visualize/tests/test_blueprints.py::TestAdminController::test_visualize_data_endpoint_reset
ckanext/visualize/tests/test_blueprints.py::TestAdminController::test_visualize_data_endpoint_reset
ckanext/visualize/tests/test_blueprints.py::TestAdminController::test_visualize_data_endpoint_reset
ckanext/visualize/tests/test_helpers.py::TestHelpers::test_get_color_palette
ckanext/visualize/tests/test_helpers.py::TestHelpers::test_get_color_palette
ckanext/visualize/tests/test_helpers.py::TestHelpers::test_get_color_palette
ckanext/visualize/tests/test_helpers.py::TestHelpers::test_get_color_palette
ckanext/visualize/tests/test_helpers.py::TestHelpers::test_get_color_palette
ckanext/visualize/tests/test_helpers.py::TestHelpers::test_get_color_palette
ckanext/visualize/tests/test_helpers.py::TestHelpers::test_get_color_palette
ckanext/visualize/tests/test_helpers.py::TestHelpers::test_get_color_palette
ckanext/visualize/tests/test_helpers.py::TestHelpers::test_get_color_palette
ckanext/visualize/tests/test_helpers.py::TestHelpers::test_get_color_palette
ckanext/visualize/tests/test_helpers.py::TestHelpers::test_get_color_palette
ckanext/visualize/tests/test_helpers.py::TestHelpers::test_get_color_palette
ckanext/visualize/tests/test_helpers.py::TestHelpers::test_get_color_palette
ckanext/visualize/tests/test_helpers.py::TestHelpers::test_get_color_palette
ckanext/visualize/tests/test_helpers.py::TestHelpers::test_get_color_palette
ckanext/visualize/tests/test_helpers.py::TestHelpers::test_get_color_palette_from_config
ckanext/visualize/tests/test_helpers.py::TestHelpers::test_get_color_palette_from_config
ckanext/visualize/tests/test_helpers.py::TestHelpers::test_get_color_palette_from_config
ckanext/visualize/tests/test_helpers.py::TestHelpers::test_get_color_palette_from_config
ckanext/visualize/tests/test_helpers.py::TestHelpers::test_get_color_palette_from_config
ckanext/visualize/tests/test_helpers.py::TestHelpers::test_get_color_palette_from_config
ckanext/visualize/tests/test_helpers.py::TestHelpers::test_get_color_palette_from_config
ckanext/visualize/tests/test_helpers.py::TestHelpers::test_get_color_palette_from_config
ckanext/visualize/tests/test_helpers.py::TestHelpers::test_get_color_palette_from_config
ckanext/visualize/tests/test_helpers.py::TestHelpers::test_get_color_palette_from_config
ckanext/visualize/tests/test_helpers.py::TestHelpers::test_get_color_palette_from_config
ckanext/visualize/tests/test_helpers.py::TestHelpers::test_get_color_palette_from_config
ckanext/visualize/tests/test_helpers.py::TestHelpers::test_get_color_palette_from_config
ckanext/visualize/tests/test_helpers.py::TestHelpers::test_get_color_palette_from_config
ckanext/visualize/tests/test_helpers.py::TestHelpers::test_get_color_palette_from_config
ckanext/visualize/tests/test_helpers.py::TestHelpers::test_get_color_palette_from_config
ckanext/visualize/tests/test_helpers.py::TestHelpers::test_get_color_palette_from_config
ckanext/visualize/tests/test_helpers.py::TestHelpers::test_get_color_palette_from_config
ckanext/visualize/tests/test_helpers.py::TestHelpers::test_get_color_palette_from_config
ckanext/visualize/tests/test_helpers.py::TestHelpers::test_get_color_palette_from_config
ckanext/visualize/tests/test_helpers.py::TestHelpers::test_get_color_palette_from_config
ckanext/visualize/tests/test_helpers.py::TestHelpers::test_get_icon_for_data_type
ckanext/visualize/tests/test_helpers.py::TestHelpers::test_get_icon_for_data_type
ckanext/visualize/tests/test_helpers.py::TestHelpers::test_get_icon_for_data_type
ckanext/visualize/tests/test_helpers.py::TestHelpers::test_get_icon_for_data_type
ckanext/visualize/tests/test_helpers.py::TestHelpers::test_get_icon_for_data_type
ckanext/visualize/tests/test_helpers.py::TestHelpers::test_get_icon_for_data_type
ckanext/visualize/tests/test_helpers.py::TestHelpers::test_get_icon_for_data_type
ckanext/visualize/tests/test_helpers.py::TestHelpers::test_get_icon_for_data_type
ckanext/visualize/tests/test_helpers.py::TestHelpers::test_get_icon_for_data_type
ckanext/visualize/tests/test_helpers.py::TestHelpers::test_get_icon_for_data_type
ckanext/visualize/tests/test_helpers.py::TestHelpers::test_get_icon_for_data_type
ckanext/visualize/tests/test_helpers.py::TestHelpers::test_get_icon_for_data_type
ckanext/visualize/tests/test_helpers.py::TestHelpers::test_get_icon_for_data_type
ckanext/visualize/tests/test_helpers.py::TestHelpers::test_get_icon_for_data_type
ckanext/visualize/tests/test_helpers.py::TestHelpers::test_get_icon_for_data_type
ckanext/visualize/tests/test_helpers.py::TestHelpers::test_get_icon_for_data_type
ckanext/visualize/tests/test_helpers.py::TestHelpers::test_get_icon_for_data_type
ckanext/visualize/tests/test_helpers.py::TestHelpers::test_get_icon_for_data_type
ckanext/visualize/tests/test_helpers.py::TestHelpers::test_get_icon_for_data_type
ckanext/visualize/tests/test_helpers.py::TestHelpers::test_get_icon_for_data_type
ckanext/visualize/tests/test_helpers.py::TestHelpers::test_get_icon_for_data_type
ckanext/visualize/tests/test_helpers.py::TestHelpers::test_get_icon_for_data_type_no_type
ckanext/visualize/tests/test_helpers.py::TestHelpers::test_get_icon_for_data_type_no_type
ckanext/visualize/tests/test_helpers.py::TestHelpers::test_get_icon_for_data_type_no_type
ckanext/visualize/tests/test_helpers.py::TestHelpers::test_get_icon_for_data_type_no_type
ckanext/visualize/tests/test_helpers.py::TestHelpers::test_get_icon_for_data_type_no_type
ckanext/visualize/tests/test_helpers.py::TestHelpers::test_get_icon_for_data_type_no_type
ckanext/visualize/tests/test_helpers.py::TestHelpers::test_get_icon_for_data_type_no_type
ckanext/visualize/tests/test_helpers.py::TestHelpers::test_get_icon_for_data_type_no_type
ckanext/visualize/tests/test_helpers.py::TestHelpers::test_get_icon_for_data_type_no_type
ckanext/visualize/tests/test_helpers.py::TestHelpers::test_get_icon_for_data_type_no_type
ckanext/visualize/tests/test_helpers.py::TestHelpers::test_get_icon_for_data_type_no_type
ckanext/visualize/tests/test_helpers.py::TestHelpers::test_get_icon_for_data_type_no_type
ckanext/visualize/tests/test_helpers.py::TestHelpers::test_get_icon_for_data_type_no_type
ckanext/visualize/tests/test_helpers.py::TestHelpers::test_get_icon_for_data_type_no_type
ckanext/visualize/tests/test_helpers.py::TestHelpers::test_get_icon_for_data_type_no_type
ckanext/visualize/tests/test_helpers.py::TestHelpers::test_get_icon_for_data_type_no_type
ckanext/visualize/tests/test_helpers.py::TestHelpers::test_get_icon_for_data_type_no_type
ckanext/visualize/tests/test_helpers.py::TestHelpers::test_get_icon_for_data_type_no_type
ckanext/visualize/tests/test_helpers.py::TestHelpers::test_get_icon_for_data_type_no_type
ckanext/visualize/tests/test_helpers.py::TestHelpers::test_get_icon_for_data_type_no_type
ckanext/visualize/tests/test_helpers.py::TestHelpers::test_get_icon_for_data_type_no_type
ckanext/visualize/tests/test_view.py::TestVisualizeView::test_info
ckanext/visualize/tests/test_view.py::TestVisualizeView::test_info
ckanext/visualize/tests/test_view.py::TestVisualizeView::test_info
ckanext/visualize/tests/test_view.py::TestVisualizeView::test_info
ckanext/visualize/tests/test_view.py::TestVisualizeView::test_info
ckanext/visualize/tests/test_view.py::TestVisualizeView::test_info
ckanext/visualize/tests/test_view.py::TestVisualizeView::test_info
ckanext/visualize/tests/test_view.py::TestVisualizeView::test_info
ckanext/visualize/tests/test_view.py::TestVisualizeView::test_info
ckanext/visualize/tests/test_view.py::TestVisualizeView::test_info
ckanext/visualize/tests/test_view.py::TestVisualizeView::test_info
ckanext/visualize/tests/test_view.py::TestVisualizeView::test_info
ckanext/visualize/tests/test_view.py::TestVisualizeView::test_info
ckanext/visualize/tests/test_view.py::TestVisualizeView::test_info
ckanext/visualize/tests/test_view.py::TestVisualizeView::test_info
ckanext/visualize/tests/test_view.py::TestVisualizeView::test_info
ckanext/visualize/tests/test_view.py::TestVisualizeView::test_info
ckanext/visualize/tests/test_view.py::TestVisualizeView::test_info
ckanext/visualize/tests/test_view.py::TestVisualizeView::test_info
ckanext/visualize/tests/test_view.py::TestVisualizeView::test_info
ckanext/visualize/tests/test_view.py::TestVisualizeView::test_info
ckanext/visualize/tests/test_view.py::TestVisualizeView::test_can_view
ckanext/visualize/tests/test_view.py::TestVisualizeView::test_can_view
ckanext/visualize/tests/test_view.py::TestVisualizeView::test_can_view
ckanext/visualize/tests/test_view.py::TestVisualizeView::test_can_view
ckanext/visualize/tests/test_view.py::TestVisualizeView::test_can_view
ckanext/visualize/tests/test_view.py::TestVisualizeView::test_can_view
ckanext/visualize/tests/test_view.py::TestVisualizeView::test_can_view
ckanext/visualize/tests/test_view.py::TestVisualizeView::test_can_view
ckanext/visualize/tests/test_view.py::TestVisualizeView::test_can_view
ckanext/visualize/tests/test_view.py::TestVisualizeView::test_can_view
ckanext/visualize/tests/test_view.py::TestVisualizeView::test_can_view
ckanext/visualize/tests/test_view.py::TestVisualizeView::test_can_view
ckanext/visualize/tests/test_view.py::TestVisualizeView::test_can_view
ckanext/visualize/tests/test_view.py::TestVisualizeView::test_can_view
ckanext/visualize/tests/test_view.py::TestVisualizeView::test_can_view
ckanext/visualize/tests/test_view.py::TestVisualizeView::test_can_view
ckanext/visualize/tests/test_view.py::TestVisualizeView::test_can_view
ckanext/visualize/tests/test_view.py::TestVisualizeView::test_can_view
ckanext/visualize/tests/test_view.py::TestVisualizeView::test_can_view
ckanext/visualize/tests/test_view.py::TestVisualizeView::test_can_view
ckanext/visualize/tests/test_view.py::TestVisualizeView::test_can_view
ckanext/visualize/tests/test_view.py::TestVisualizeView::test_setup_template_variables
ckanext/visualize/tests/test_view.py::TestVisualizeView::test_setup_template_variables
ckanext/visualize/tests/test_view.py::TestVisualizeView::test_setup_template_variables
ckanext/visualize/tests/test_view.py::TestVisualizeView::test_setup_template_variables
ckanext/visualize/tests/test_view.py::TestVisualizeView::test_setup_template_variables
ckanext/visualize/tests/test_view.py::TestVisualizeView::test_setup_template_variables
ckanext/visualize/tests/test_view.py::TestVisualizeView::test_setup_template_variables
ckanext/visualize/tests/test_view.py::TestVisualizeView::test_setup_template_variables
ckanext/visualize/tests/test_view.py::TestVisualizeView::test_setup_template_variables
ckanext/visualize/tests/test_view.py::TestVisualizeView::test_setup_template_variables
ckanext/visualize/tests/test_view.py::TestVisualizeView::test_setup_template_variables
ckanext/visualize/tests/test_view.py::TestVisualizeView::test_setup_template_variables
ckanext/visualize/tests/test_view.py::TestVisualizeView::test_setup_template_variables
ckanext/visualize/tests/test_view.py::TestVisualizeView::test_setup_template_variables
ckanext/visualize/tests/test_view.py::TestVisualizeView::test_setup_template_variables
ckanext/visualize/tests/test_view.py::TestVisualizeView::test_setup_template_variables
ckanext/visualize/tests/test_view.py::TestVisualizeView::test_setup_template_variables
ckanext/visualize/tests/test_view.py::TestVisualizeView::test_setup_template_variables
ckanext/visualize/tests/test_view.py::TestVisualizeView::test_setup_template_variables
ckanext/visualize/tests/test_view.py::TestVisualizeView::test_setup_template_variables
ckanext/visualize/tests/test_view.py::TestVisualizeView::test_setup_template_variables
ckanext/visualize/tests/test_view.py::TestVisualizeView::test_view_template
ckanext/visualize/tests/test_view.py::TestVisualizeView::test_view_template
ckanext/visualize/tests/test_view.py::TestVisualizeView::test_view_template
ckanext/visualize/tests/test_view.py::TestVisualizeView::test_view_template
ckanext/visualize/tests/test_view.py::TestVisualizeView::test_view_template
ckanext/visualize/tests/test_view.py::TestVisualizeView::test_view_template
ckanext/visualize/tests/test_view.py::TestVisualizeView::test_view_template
ckanext/visualize/tests/test_view.py::TestVisualizeView::test_view_template
ckanext/visualize/tests/test_view.py::TestVisualizeView::test_view_template
ckanext/visualize/tests/test_view.py::TestVisualizeView::test_view_template
ckanext/visualize/tests/test_view.py::TestVisualizeView::test_view_template
ckanext/visualize/tests/test_view.py::TestVisualizeView::test_view_template
ckanext/visualize/tests/test_view.py::TestVisualizeView::test_view_template
ckanext/visualize/tests/test_view.py::TestVisualizeView::test_view_template
ckanext/visualize/tests/test_view.py::TestVisualizeView::test_view_template
ckanext/visualize/tests/test_view.py::TestVisualizeView::test_view_template
ckanext/visualize/tests/test_view.py::TestVisualizeView::test_view_template
ckanext/visualize/tests/test_view.py::TestVisualizeView::test_view_template
ckanext/visualize/tests/test_view.py::TestVisualizeView::test_view_template
ckanext/visualize/tests/test_view.py::TestVisualizeView::test_view_template
ckanext/visualize/tests/test_view.py::TestVisualizeView::test_view_template
ckanext/visualize/tests/test_view.py::TestVisualizeView::test_update_config_schema
ckanext/visualize/tests/test_view.py::TestVisualizeView::test_update_config_schema
ckanext/visualize/tests/test_view.py::TestVisualizeView::test_update_config_schema
ckanext/visualize/tests/test_view.py::TestVisualizeView::test_update_config_schema
ckanext/visualize/tests/test_view.py::TestVisualizeView::test_update_config_schema
ckanext/visualize/tests/test_view.py::TestVisualizeView::test_update_config_schema
ckanext/visualize/tests/test_view.py::TestVisualizeView::test_update_config_schema
ckanext/visualize/tests/test_view.py::TestVisualizeView::test_update_config_schema
ckanext/visualize/tests/test_view.py::TestVisualizeView::test_update_config_schema
ckanext/visualize/tests/test_view.py::TestVisualizeView::test_update_config_schema
ckanext/visualize/tests/test_view.py::TestVisualizeView::test_update_config_schema
ckanext/visualize/tests/test_view.py::TestVisualizeView::test_update_config_schema
ckanext/visualize/tests/test_view.py::TestVisualizeView::test_update_config_schema
ckanext/visualize/tests/test_view.py::TestVisualizeView::test_update_config_schema
ckanext/visualize/tests/test_view.py::TestVisualizeView::test_update_config_schema
ckanext/visualize/tests/test_view.py::TestVisualizeView::test_update_config_schema
ckanext/visualize/tests/test_view.py::TestVisualizeView::test_update_config_schema
ckanext/visualize/tests/test_view.py::TestVisualizeView::test_update_config_schema
ckanext/visualize/tests/test_view.py::TestVisualizeView::test_update_config_schema
ckanext/visualize/tests/test_view.py::TestVisualizeView::test_update_config_schema
ckanext/visualize/tests/test_view.py::TestVisualizeView::test_update_config_schema
  /home/elena/Desktop/local_ckan_1/lib/python3.6/site-packages/sqlalchemy/orm/session.py:854: SADeprecationWarning: SessionExtension.after_commit is deprecated.  The SessionExtension class will be removed in a future release.  Please transition to the @event interface, using @event.listens_for(Session, 'after_commit').
    SessionExtension._adapt_listener(self, ext)

ckanext/visualize/tests/test_blueprints.py::TestVisualizeDataController::test_visualize_data_endpoint_no_resource_provided
ckanext/visualize/tests/test_blueprints.py::TestVisualizeDataController::test_visualize_data_endpoint_no_resource_provided
ckanext/visualize/tests/test_blueprints.py::TestVisualizeDataController::test_visualize_data_endpoint_no_resource_provided
ckanext/visualize/tests/test_blueprints.py::TestVisualizeDataController::test_visualize_data_endpoint_no_resource_provided
ckanext/visualize/tests/test_blueprints.py::TestVisualizeDataController::test_visualize_data_endpoint_no_resource_provided
ckanext/visualize/tests/test_blueprints.py::TestVisualizeDataController::test_visualize_data_endpoint_no_resource_provided
ckanext/visualize/tests/test_blueprints.py::TestVisualizeDataController::test_visualize_data_endpoint_no_resource_provided
ckanext/visualize/tests/test_blueprints.py::TestVisualizeDataController::test_visualize_data_endpoint_no_resource_provided
ckanext/visualize/tests/test_blueprints.py::TestVisualizeDataController::test_visualize_data_endpoint_resource_not_found
ckanext/visualize/tests/test_blueprints.py::TestVisualizeDataController::test_visualize_data_endpoint_resource_not_found
ckanext/visualize/tests/test_blueprints.py::TestVisualizeDataController::test_visualize_data_endpoint_resource_not_found
ckanext/visualize/tests/test_blueprints.py::TestVisualizeDataController::test_visualize_data_endpoint_resource_not_found
ckanext/visualize/tests/test_blueprints.py::TestVisualizeDataController::test_visualize_data_endpoint_resource_not_found
ckanext/visualize/tests/test_blueprints.py::TestVisualizeDataController::test_visualize_data_endpoint_resource_not_found
ckanext/visualize/tests/test_blueprints.py::TestVisualizeDataController::test_visualize_data_endpoint_resource_not_found
ckanext/visualize/tests/test_blueprints.py::TestVisualizeDataController::test_visualize_data_endpoint_resource_not_found
ckanext/visualize/tests/test_blueprints.py::TestVisualizeDataController::test_visualize_data_endpoint_not_authorized
ckanext/visualize/tests/test_blueprints.py::TestVisualizeDataController::test_visualize_data_endpoint_not_authorized
ckanext/visualize/tests/test_blueprints.py::TestVisualizeDataController::test_visualize_data_endpoint_not_authorized
ckanext/visualize/tests/test_blueprints.py::TestVisualizeDataController::test_visualize_data_endpoint_not_authorized
ckanext/visualize/tests/test_blueprints.py::TestVisualizeDataController::test_visualize_data_endpoint_not_authorized
ckanext/visualize/tests/test_blueprints.py::TestVisualizeDataController::test_visualize_data_endpoint_not_authorized
ckanext/visualize/tests/test_blueprints.py::TestVisualizeDataController::test_visualize_data_endpoint_not_authorized
ckanext/visualize/tests/test_blueprints.py::TestVisualizeDataController::test_visualize_data_endpoint_not_authorized
ckanext/visualize/tests/test_blueprints.py::TestVisualizeDataController::test_visualize_data_endpoint
ckanext/visualize/tests/test_blueprints.py::TestVisualizeDataController::test_visualize_data_endpoint
ckanext/visualize/tests/test_blueprints.py::TestVisualizeDataController::test_visualize_data_endpoint
ckanext/visualize/tests/test_blueprints.py::TestVisualizeDataController::test_visualize_data_endpoint
ckanext/visualize/tests/test_blueprints.py::TestVisualizeDataController::test_visualize_data_endpoint
ckanext/visualize/tests/test_blueprints.py::TestVisualizeDataController::test_visualize_data_endpoint
ckanext/visualize/tests/test_blueprints.py::TestVisualizeDataController::test_visualize_data_endpoint
ckanext/visualize/tests/test_blueprints.py::TestVisualizeDataController::test_visualize_data_endpoint
ckanext/visualize/tests/test_blueprints.py::TestAdminController::test_visualize_data_endpoint_admin
ckanext/visualize/tests/test_blueprints.py::TestAdminController::test_visualize_data_endpoint_admin
ckanext/visualize/tests/test_blueprints.py::TestAdminController::test_visualize_data_endpoint_admin
ckanext/visualize/tests/test_blueprints.py::TestAdminController::test_visualize_data_endpoint_admin
ckanext/visualize/tests/test_blueprints.py::TestAdminController::test_visualize_data_endpoint_admin
ckanext/visualize/tests/test_blueprints.py::TestAdminController::test_visualize_data_endpoint_admin
ckanext/visualize/tests/test_blueprints.py::TestAdminController::test_visualize_data_endpoint_admin
ckanext/visualize/tests/test_blueprints.py::TestAdminController::test_visualize_data_endpoint_admin
ckanext/visualize/tests/test_blueprints.py::TestAdminController::test_visualize_data_endpoint_admin
ckanext/visualize/tests/test_blueprints.py::TestAdminController::test_visualize_data_endpoint_admin
ckanext/visualize/tests/test_blueprints.py::TestAdminController::test_visualize_data_endpoint_predefined_color
ckanext/visualize/tests/test_blueprints.py::TestAdminController::test_visualize_data_endpoint_predefined_color
ckanext/visualize/tests/test_blueprints.py::TestAdminController::test_visualize_data_endpoint_predefined_color
ckanext/visualize/tests/test_blueprints.py::TestAdminController::test_visualize_data_endpoint_predefined_color
ckanext/visualize/tests/test_blueprints.py::TestAdminController::test_visualize_data_endpoint_predefined_color
ckanext/visualize/tests/test_blueprints.py::TestAdminController::test_visualize_data_endpoint_predefined_color
ckanext/visualize/tests/test_blueprints.py::TestAdminController::test_visualize_data_endpoint_predefined_color
ckanext/visualize/tests/test_blueprints.py::TestAdminController::test_visualize_data_endpoint_predefined_color
ckanext/visualize/tests/test_blueprints.py::TestAdminController::test_visualize_data_endpoint_predefined_color
ckanext/visualize/tests/test_blueprints.py::TestAdminController::test_visualize_data_endpoint_predefined_color
ckanext/visualize/tests/test_blueprints.py::TestAdminController::test_visualize_data_endpoint_post
ckanext/visualize/tests/test_blueprints.py::TestAdminController::test_visualize_data_endpoint_post
ckanext/visualize/tests/test_blueprints.py::TestAdminController::test_visualize_data_endpoint_post
ckanext/visualize/tests/test_blueprints.py::TestAdminController::test_visualize_data_endpoint_post
ckanext/visualize/tests/test_blueprints.py::TestAdminController::test_visualize_data_endpoint_post
ckanext/visualize/tests/test_blueprints.py::TestAdminController::test_visualize_data_endpoint_post
ckanext/visualize/tests/test_blueprints.py::TestAdminController::test_visualize_data_endpoint_post
ckanext/visualize/tests/test_blueprints.py::TestAdminController::test_visualize_data_endpoint_post
ckanext/visualize/tests/test_blueprints.py::TestAdminController::test_visualize_data_endpoint_post
ckanext/visualize/tests/test_blueprints.py::TestAdminController::test_visualize_data_endpoint_post
ckanext/visualize/tests/test_blueprints.py::TestAdminController::test_visualize_data_endpoint_post
ckanext/visualize/tests/test_blueprints.py::TestAdminController::test_visualize_data_endpoint_post
ckanext/visualize/tests/test_blueprints.py::TestAdminController::test_visualize_data_endpoint_post_icon_url
ckanext/visualize/tests/test_blueprints.py::TestAdminController::test_visualize_data_endpoint_post_icon_url
ckanext/visualize/tests/test_blueprints.py::TestAdminController::test_visualize_data_endpoint_post_icon_url
ckanext/visualize/tests/test_blueprints.py::TestAdminController::test_visualize_data_endpoint_post_icon_url
ckanext/visualize/tests/test_blueprints.py::TestAdminController::test_visualize_data_endpoint_post_icon_url
ckanext/visualize/tests/test_blueprints.py::TestAdminController::test_visualize_data_endpoint_post_icon_url
ckanext/visualize/tests/test_blueprints.py::TestAdminController::test_visualize_data_endpoint_post_icon_url
ckanext/visualize/tests/test_blueprints.py::TestAdminController::test_visualize_data_endpoint_post_icon_url
ckanext/visualize/tests/test_blueprints.py::TestAdminController::test_visualize_data_endpoint_post_icon_url
ckanext/visualize/tests/test_blueprints.py::TestAdminController::test_visualize_data_endpoint_post_icon_url
ckanext/visualize/tests/test_blueprints.py::TestAdminController::test_visualize_data_endpoint_post_icon_url
ckanext/visualize/tests/test_blueprints.py::TestAdminController::test_visualize_data_endpoint_post_icon_url
ckanext/visualize/tests/test_blueprints.py::TestAdminController::test_visualize_data_endpoint_post_icon_upload
ckanext/visualize/tests/test_blueprints.py::TestAdminController::test_visualize_data_endpoint_post_icon_upload
ckanext/visualize/tests/test_blueprints.py::TestAdminController::test_visualize_data_endpoint_post_icon_upload
ckanext/visualize/tests/test_blueprints.py::TestAdminController::test_visualize_data_endpoint_post_icon_upload
ckanext/visualize/tests/test_blueprints.py::TestAdminController::test_visualize_data_endpoint_post_icon_upload
ckanext/visualize/tests/test_blueprints.py::TestAdminController::test_visualize_data_endpoint_post_icon_upload
ckanext/visualize/tests/test_blueprints.py::TestAdminController::test_visualize_data_endpoint_post_icon_upload
ckanext/visualize/tests/test_blueprints.py::TestAdminController::test_visualize_data_endpoint_post_icon_upload
ckanext/visualize/tests/test_blueprints.py::TestAdminController::test_visualize_data_endpoint_post_icon_upload
ckanext/visualize/tests/test_blueprints.py::TestAdminController::test_visualize_data_endpoint_post_icon_upload
ckanext/visualize/tests/test_blueprints.py::TestAdminController::test_visualize_data_endpoint_reset
ckanext/visualize/tests/test_blueprints.py::TestAdminController::test_visualize_data_endpoint_reset
ckanext/visualize/tests/test_blueprints.py::TestAdminController::test_visualize_data_endpoint_reset
ckanext/visualize/tests/test_blueprints.py::TestAdminController::test_visualize_data_endpoint_reset
ckanext/visualize/tests/test_blueprints.py::TestAdminController::test_visualize_data_endpoint_reset
ckanext/visualize/tests/test_blueprints.py::TestAdminController::test_visualize_data_endpoint_reset
ckanext/visualize/tests/test_blueprints.py::TestAdminController::test_visualize_data_endpoint_reset
ckanext/visualize/tests/test_blueprints.py::TestAdminController::test_visualize_data_endpoint_reset
ckanext/visualize/tests/test_blueprints.py::TestAdminController::test_visualize_data_endpoint_reset
ckanext/visualize/tests/test_blueprints.py::TestAdminController::test_visualize_data_endpoint_reset
ckanext/visualize/tests/test_helpers.py::TestHelpers::test_get_color_palette
ckanext/visualize/tests/test_helpers.py::TestHelpers::test_get_color_palette
ckanext/visualize/tests/test_helpers.py::TestHelpers::test_get_color_palette
ckanext/visualize/tests/test_helpers.py::TestHelpers::test_get_color_palette
ckanext/visualize/tests/test_helpers.py::TestHelpers::test_get_color_palette
ckanext/visualize/tests/test_helpers.py::TestHelpers::test_get_color_palette
ckanext/visualize/tests/test_helpers.py::TestHelpers::test_get_color_palette
ckanext/visualize/tests/test_helpers.py::TestHelpers::test_get_color_palette
ckanext/visualize/tests/test_helpers.py::TestHelpers::test_get_color_palette
ckanext/visualize/tests/test_helpers.py::TestHelpers::test_get_color_palette
ckanext/visualize/tests/test_helpers.py::TestHelpers::test_get_color_palette_from_config
ckanext/visualize/tests/test_helpers.py::TestHelpers::test_get_color_palette_from_config
ckanext/visualize/tests/test_helpers.py::TestHelpers::test_get_color_palette_from_config
ckanext/visualize/tests/test_helpers.py::TestHelpers::test_get_color_palette_from_config
ckanext/visualize/tests/test_helpers.py::TestHelpers::test_get_color_palette_from_config
ckanext/visualize/tests/test_helpers.py::TestHelpers::test_get_color_palette_from_config
ckanext/visualize/tests/test_helpers.py::TestHelpers::test_get_color_palette_from_config
ckanext/visualize/tests/test_helpers.py::TestHelpers::test_get_color_palette_from_config
ckanext/visualize/tests/test_helpers.py::TestHelpers::test_get_color_palette_from_config
ckanext/visualize/tests/test_helpers.py::TestHelpers::test_get_color_palette_from_config
ckanext/visualize/tests/test_helpers.py::TestHelpers::test_get_color_palette_from_config
ckanext/visualize/tests/test_helpers.py::TestHelpers::test_get_color_palette_from_config
ckanext/visualize/tests/test_helpers.py::TestHelpers::test_get_color_palette_from_config
ckanext/visualize/tests/test_helpers.py::TestHelpers::test_get_color_palette_from_config
ckanext/visualize/tests/test_helpers.py::TestHelpers::test_get_icon_for_data_type
ckanext/visualize/tests/test_helpers.py::TestHelpers::test_get_icon_for_data_type
ckanext/visualize/tests/test_helpers.py::TestHelpers::test_get_icon_for_data_type
ckanext/visualize/tests/test_helpers.py::TestHelpers::test_get_icon_for_data_type
ckanext/visualize/tests/test_helpers.py::TestHelpers::test_get_icon_for_data_type
ckanext/visualize/tests/test_helpers.py::TestHelpers::test_get_icon_for_data_type
ckanext/visualize/tests/test_helpers.py::TestHelpers::test_get_icon_for_data_type
ckanext/visualize/tests/test_helpers.py::TestHelpers::test_get_icon_for_data_type
ckanext/visualize/tests/test_helpers.py::TestHelpers::test_get_icon_for_data_type
ckanext/visualize/tests/test_helpers.py::TestHelpers::test_get_icon_for_data_type
ckanext/visualize/tests/test_helpers.py::TestHelpers::test_get_icon_for_data_type
ckanext/visualize/tests/test_helpers.py::TestHelpers::test_get_icon_for_data_type
ckanext/visualize/tests/test_helpers.py::TestHelpers::test_get_icon_for_data_type
ckanext/visualize/tests/test_helpers.py::TestHelpers::test_get_icon_for_data_type
ckanext/visualize/tests/test_helpers.py::TestHelpers::test_get_icon_for_data_type_no_type
ckanext/visualize/tests/test_helpers.py::TestHelpers::test_get_icon_for_data_type_no_type
ckanext/visualize/tests/test_helpers.py::TestHelpers::test_get_icon_for_data_type_no_type
ckanext/visualize/tests/test_helpers.py::TestHelpers::test_get_icon_for_data_type_no_type
ckanext/visualize/tests/test_helpers.py::TestHelpers::test_get_icon_for_data_type_no_type
ckanext/visualize/tests/test_helpers.py::TestHelpers::test_get_icon_for_data_type_no_type
ckanext/visualize/tests/test_helpers.py::TestHelpers::test_get_icon_for_data_type_no_type
ckanext/visualize/tests/test_helpers.py::TestHelpers::test_get_icon_for_data_type_no_type
ckanext/visualize/tests/test_helpers.py::TestHelpers::test_get_icon_for_data_type_no_type
ckanext/visualize/tests/test_helpers.py::TestHelpers::test_get_icon_for_data_type_no_type
ckanext/visualize/tests/test_helpers.py::TestHelpers::test_get_icon_for_data_type_no_type
ckanext/visualize/tests/test_helpers.py::TestHelpers::test_get_icon_for_data_type_no_type
ckanext/visualize/tests/test_helpers.py::TestHelpers::test_get_icon_for_data_type_no_type
ckanext/visualize/tests/test_helpers.py::TestHelpers::test_get_icon_for_data_type_no_type
ckanext/visualize/tests/test_view.py::TestVisualizeView::test_info
ckanext/visualize/tests/test_view.py::TestVisualizeView::test_info
ckanext/visualize/tests/test_view.py::TestVisualizeView::test_info
ckanext/visualize/tests/test_view.py::TestVisualizeView::test_info
ckanext/visualize/tests/test_view.py::TestVisualizeView::test_info
ckanext/visualize/tests/test_view.py::TestVisualizeView::test_info
ckanext/visualize/tests/test_view.py::TestVisualizeView::test_info
ckanext/visualize/tests/test_view.py::TestVisualizeView::test_info
ckanext/visualize/tests/test_view.py::TestVisualizeView::test_info
ckanext/visualize/tests/test_view.py::TestVisualizeView::test_info
ckanext/visualize/tests/test_view.py::TestVisualizeView::test_info
ckanext/visualize/tests/test_view.py::TestVisualizeView::test_info
ckanext/visualize/tests/test_view.py::TestVisualizeView::test_info
ckanext/visualize/tests/test_view.py::TestVisualizeView::test_info
ckanext/visualize/tests/test_view.py::TestVisualizeView::test_can_view
ckanext/visualize/tests/test_view.py::TestVisualizeView::test_can_view
ckanext/visualize/tests/test_view.py::TestVisualizeView::test_can_view
ckanext/visualize/tests/test_view.py::TestVisualizeView::test_can_view
ckanext/visualize/tests/test_view.py::TestVisualizeView::test_can_view
ckanext/visualize/tests/test_view.py::TestVisualizeView::test_can_view
ckanext/visualize/tests/test_view.py::TestVisualizeView::test_can_view
ckanext/visualize/tests/test_view.py::TestVisualizeView::test_can_view
ckanext/visualize/tests/test_view.py::TestVisualizeView::test_can_view
ckanext/visualize/tests/test_view.py::TestVisualizeView::test_can_view
ckanext/visualize/tests/test_view.py::TestVisualizeView::test_can_view
ckanext/visualize/tests/test_view.py::TestVisualizeView::test_can_view
ckanext/visualize/tests/test_view.py::TestVisualizeView::test_can_view
ckanext/visualize/tests/test_view.py::TestVisualizeView::test_can_view
ckanext/visualize/tests/test_view.py::TestVisualizeView::test_setup_template_variables
ckanext/visualize/tests/test_view.py::TestVisualizeView::test_setup_template_variables
ckanext/visualize/tests/test_view.py::TestVisualizeView::test_setup_template_variables
ckanext/visualize/tests/test_view.py::TestVisualizeView::test_setup_template_variables
ckanext/visualize/tests/test_view.py::TestVisualizeView::test_setup_template_variables
ckanext/visualize/tests/test_view.py::TestVisualizeView::test_setup_template_variables
ckanext/visualize/tests/test_view.py::TestVisualizeView::test_setup_template_variables
ckanext/visualize/tests/test_view.py::TestVisualizeView::test_setup_template_variables
ckanext/visualize/tests/test_view.py::TestVisualizeView::test_setup_template_variables
ckanext/visualize/tests/test_view.py::TestVisualizeView::test_setup_template_variables
ckanext/visualize/tests/test_view.py::TestVisualizeView::test_setup_template_variables
ckanext/visualize/tests/test_view.py::TestVisualizeView::test_setup_template_variables
ckanext/visualize/tests/test_view.py::TestVisualizeView::test_setup_template_variables
ckanext/visualize/tests/test_view.py::TestVisualizeView::test_setup_template_variables
ckanext/visualize/tests/test_view.py::TestVisualizeView::test_view_template
ckanext/visualize/tests/test_view.py::TestVisualizeView::test_view_template
ckanext/visualize/tests/test_view.py::TestVisualizeView::test_view_template
ckanext/visualize/tests/test_view.py::TestVisualizeView::test_view_template
ckanext/visualize/tests/test_view.py::TestVisualizeView::test_view_template
ckanext/visualize/tests/test_view.py::TestVisualizeView::test_view_template
ckanext/visualize/tests/test_view.py::TestVisualizeView::test_view_template
ckanext/visualize/tests/test_view.py::TestVisualizeView::test_view_template
ckanext/visualize/tests/test_view.py::TestVisualizeView::test_view_template
ckanext/visualize/tests/test_view.py::TestVisualizeView::test_view_template
ckanext/visualize/tests/test_view.py::TestVisualizeView::test_view_template
ckanext/visualize/tests/test_view.py::TestVisualizeView::test_view_template
ckanext/visualize/tests/test_view.py::TestVisualizeView::test_view_template
ckanext/visualize/tests/test_view.py::TestVisualizeView::test_view_template
ckanext/visualize/tests/test_view.py::TestVisualizeView::test_update_config_schema
ckanext/visualize/tests/test_view.py::TestVisualizeView::test_update_config_schema
ckanext/visualize/tests/test_view.py::TestVisualizeView::test_update_config_schema
ckanext/visualize/tests/test_view.py::TestVisualizeView::test_update_config_schema
ckanext/visualize/tests/test_view.py::TestVisualizeView::test_update_config_schema
ckanext/visualize/tests/test_view.py::TestVisualizeView::test_update_config_schema
ckanext/visualize/tests/test_view.py::TestVisualizeView::test_update_config_schema
ckanext/visualize/tests/test_view.py::TestVisualizeView::test_update_config_schema
ckanext/visualize/tests/test_view.py::TestVisualizeView::test_update_config_schema
ckanext/visualize/tests/test_view.py::TestVisualizeView::test_update_config_schema
ckanext/visualize/tests/test_view.py::TestVisualizeView::test_update_config_schema
ckanext/visualize/tests/test_view.py::TestVisualizeView::test_update_config_schema
ckanext/visualize/tests/test_view.py::TestVisualizeView::test_update_config_schema
ckanext/visualize/tests/test_view.py::TestVisualizeView::test_update_config_schema
  /home/elena/Desktop/local_ckan_1/lib/python3.6/site-packages/sqlalchemy/orm/session.py:854: SADeprecationWarning: SessionExtension.before_commit is deprecated.  The SessionExtension class will be removed in a future release.  Please transition to the @event interface, using @event.listens_for(Session, 'before_commit').
    SessionExtension._adapt_listener(self, ext)

ckanext/visualize/tests/test_blueprints.py::TestVisualizeDataController::test_visualize_data_endpoint_no_resource_provided
ckanext/visualize/tests/test_blueprints.py::TestVisualizeDataController::test_visualize_data_endpoint_no_resource_provided
ckanext/visualize/tests/test_blueprints.py::TestVisualizeDataController::test_visualize_data_endpoint_no_resource_provided
ckanext/visualize/tests/test_blueprints.py::TestVisualizeDataController::test_visualize_data_endpoint_no_resource_provided
ckanext/visualize/tests/test_blueprints.py::TestVisualizeDataController::test_visualize_data_endpoint_no_resource_provided
ckanext/visualize/tests/test_blueprints.py::TestVisualizeDataController::test_visualize_data_endpoint_no_resource_provided
ckanext/visualize/tests/test_blueprints.py::TestVisualizeDataController::test_visualize_data_endpoint_no_resource_provided
ckanext/visualize/tests/test_blueprints.py::TestVisualizeDataController::test_visualize_data_endpoint_no_resource_provided
ckanext/visualize/tests/test_blueprints.py::TestVisualizeDataController::test_visualize_data_endpoint_resource_not_found
ckanext/visualize/tests/test_blueprints.py::TestVisualizeDataController::test_visualize_data_endpoint_resource_not_found
ckanext/visualize/tests/test_blueprints.py::TestVisualizeDataController::test_visualize_data_endpoint_resource_not_found
ckanext/visualize/tests/test_blueprints.py::TestVisualizeDataController::test_visualize_data_endpoint_resource_not_found
ckanext/visualize/tests/test_blueprints.py::TestVisualizeDataController::test_visualize_data_endpoint_resource_not_found
ckanext/visualize/tests/test_blueprints.py::TestVisualizeDataController::test_visualize_data_endpoint_resource_not_found
ckanext/visualize/tests/test_blueprints.py::TestVisualizeDataController::test_visualize_data_endpoint_resource_not_found
ckanext/visualize/tests/test_blueprints.py::TestVisualizeDataController::test_visualize_data_endpoint_resource_not_found
ckanext/visualize/tests/test_blueprints.py::TestVisualizeDataController::test_visualize_data_endpoint_not_authorized
ckanext/visualize/tests/test_blueprints.py::TestVisualizeDataController::test_visualize_data_endpoint_not_authorized
ckanext/visualize/tests/test_blueprints.py::TestVisualizeDataController::test_visualize_data_endpoint_not_authorized
ckanext/visualize/tests/test_blueprints.py::TestVisualizeDataController::test_visualize_data_endpoint_not_authorized
ckanext/visualize/tests/test_blueprints.py::TestVisualizeDataController::test_visualize_data_endpoint_not_authorized
ckanext/visualize/tests/test_blueprints.py::TestVisualizeDataController::test_visualize_data_endpoint_not_authorized
ckanext/visualize/tests/test_blueprints.py::TestVisualizeDataController::test_visualize_data_endpoint_not_authorized
ckanext/visualize/tests/test_blueprints.py::TestVisualizeDataController::test_visualize_data_endpoint_not_authorized
ckanext/visualize/tests/test_blueprints.py::TestVisualizeDataController::test_visualize_data_endpoint
ckanext/visualize/tests/test_blueprints.py::TestVisualizeDataController::test_visualize_data_endpoint
ckanext/visualize/tests/test_blueprints.py::TestVisualizeDataController::test_visualize_data_endpoint
ckanext/visualize/tests/test_blueprints.py::TestVisualizeDataController::test_visualize_data_endpoint
ckanext/visualize/tests/test_blueprints.py::TestVisualizeDataController::test_visualize_data_endpoint
ckanext/visualize/tests/test_blueprints.py::TestVisualizeDataController::test_visualize_data_endpoint
ckanext/visualize/tests/test_blueprints.py::TestVisualizeDataController::test_visualize_data_endpoint
ckanext/visualize/tests/test_blueprints.py::TestVisualizeDataController::test_visualize_data_endpoint
ckanext/visualize/tests/test_blueprints.py::TestAdminController::test_visualize_data_endpoint_admin
ckanext/visualize/tests/test_blueprints.py::TestAdminController::test_visualize_data_endpoint_admin
ckanext/visualize/tests/test_blueprints.py::TestAdminController::test_visualize_data_endpoint_admin
ckanext/visualize/tests/test_blueprints.py::TestAdminController::test_visualize_data_endpoint_admin
ckanext/visualize/tests/test_blueprints.py::TestAdminController::test_visualize_data_endpoint_admin
ckanext/visualize/tests/test_blueprints.py::TestAdminController::test_visualize_data_endpoint_admin
ckanext/visualize/tests/test_blueprints.py::TestAdminController::test_visualize_data_endpoint_admin
ckanext/visualize/tests/test_blueprints.py::TestAdminController::test_visualize_data_endpoint_admin
ckanext/visualize/tests/test_blueprints.py::TestAdminController::test_visualize_data_endpoint_admin
ckanext/visualize/tests/test_blueprints.py::TestAdminController::test_visualize_data_endpoint_admin
ckanext/visualize/tests/test_blueprints.py::TestAdminController::test_visualize_data_endpoint_predefined_color
ckanext/visualize/tests/test_blueprints.py::TestAdminController::test_visualize_data_endpoint_predefined_color
ckanext/visualize/tests/test_blueprints.py::TestAdminController::test_visualize_data_endpoint_predefined_color
ckanext/visualize/tests/test_blueprints.py::TestAdminController::test_visualize_data_endpoint_predefined_color
ckanext/visualize/tests/test_blueprints.py::TestAdminController::test_visualize_data_endpoint_predefined_color
ckanext/visualize/tests/test_blueprints.py::TestAdminController::test_visualize_data_endpoint_predefined_color
ckanext/visualize/tests/test_blueprints.py::TestAdminController::test_visualize_data_endpoint_predefined_color
ckanext/visualize/tests/test_blueprints.py::TestAdminController::test_visualize_data_endpoint_predefined_color
ckanext/visualize/tests/test_blueprints.py::TestAdminController::test_visualize_data_endpoint_predefined_color
ckanext/visualize/tests/test_blueprints.py::TestAdminController::test_visualize_data_endpoint_predefined_color
ckanext/visualize/tests/test_blueprints.py::TestAdminController::test_visualize_data_endpoint_post
ckanext/visualize/tests/test_blueprints.py::TestAdminController::test_visualize_data_endpoint_post
ckanext/visualize/tests/test_blueprints.py::TestAdminController::test_visualize_data_endpoint_post
ckanext/visualize/tests/test_blueprints.py::TestAdminController::test_visualize_data_endpoint_post
ckanext/visualize/tests/test_blueprints.py::TestAdminController::test_visualize_data_endpoint_post
ckanext/visualize/tests/test_blueprints.py::TestAdminController::test_visualize_data_endpoint_post
ckanext/visualize/tests/test_blueprints.py::TestAdminController::test_visualize_data_endpoint_post
ckanext/visualize/tests/test_blueprints.py::TestAdminController::test_visualize_data_endpoint_post
ckanext/visualize/tests/test_blueprints.py::TestAdminController::test_visualize_data_endpoint_post
ckanext/visualize/tests/test_blueprints.py::TestAdminController::test_visualize_data_endpoint_post
ckanext/visualize/tests/test_blueprints.py::TestAdminController::test_visualize_data_endpoint_post
ckanext/visualize/tests/test_blueprints.py::TestAdminController::test_visualize_data_endpoint_post
ckanext/visualize/tests/test_blueprints.py::TestAdminController::test_visualize_data_endpoint_post_icon_url
ckanext/visualize/tests/test_blueprints.py::TestAdminController::test_visualize_data_endpoint_post_icon_url
ckanext/visualize/tests/test_blueprints.py::TestAdminController::test_visualize_data_endpoint_post_icon_url
ckanext/visualize/tests/test_blueprints.py::TestAdminController::test_visualize_data_endpoint_post_icon_url
ckanext/visualize/tests/test_blueprints.py::TestAdminController::test_visualize_data_endpoint_post_icon_url
ckanext/visualize/tests/test_blueprints.py::TestAdminController::test_visualize_data_endpoint_post_icon_url
ckanext/visualize/tests/test_blueprints.py::TestAdminController::test_visualize_data_endpoint_post_icon_url
ckanext/visualize/tests/test_blueprints.py::TestAdminController::test_visualize_data_endpoint_post_icon_url
ckanext/visualize/tests/test_blueprints.py::TestAdminController::test_visualize_data_endpoint_post_icon_url
ckanext/visualize/tests/test_blueprints.py::TestAdminController::test_visualize_data_endpoint_post_icon_url
ckanext/visualize/tests/test_blueprints.py::TestAdminController::test_visualize_data_endpoint_post_icon_url
ckanext/visualize/tests/test_blueprints.py::TestAdminController::test_visualize_data_endpoint_post_icon_url
ckanext/visualize/tests/test_blueprints.py::TestAdminController::test_visualize_data_endpoint_post_icon_upload
ckanext/visualize/tests/test_blueprints.py::TestAdminController::test_visualize_data_endpoint_post_icon_upload
ckanext/visualize/tests/test_blueprints.py::TestAdminController::test_visualize_data_endpoint_post_icon_upload
ckanext/visualize/tests/test_blueprints.py::TestAdminController::test_visualize_data_endpoint_post_icon_upload
ckanext/visualize/tests/test_blueprints.py::TestAdminController::test_visualize_data_endpoint_post_icon_upload
ckanext/visualize/tests/test_blueprints.py::TestAdminController::test_visualize_data_endpoint_post_icon_upload
ckanext/visualize/tests/test_blueprints.py::TestAdminController::test_visualize_data_endpoint_post_icon_upload
ckanext/visualize/tests/test_blueprints.py::TestAdminController::test_visualize_data_endpoint_post_icon_upload
ckanext/visualize/tests/test_blueprints.py::TestAdminController::test_visualize_data_endpoint_post_icon_upload
ckanext/visualize/tests/test_blueprints.py::TestAdminController::test_visualize_data_endpoint_post_icon_upload
ckanext/visualize/tests/test_blueprints.py::TestAdminController::test_visualize_data_endpoint_reset
ckanext/visualize/tests/test_blueprints.py::TestAdminController::test_visualize_data_endpoint_reset
ckanext/visualize/tests/test_blueprints.py::TestAdminController::test_visualize_data_endpoint_reset
ckanext/visualize/tests/test_blueprints.py::TestAdminController::test_visualize_data_endpoint_reset
ckanext/visualize/tests/test_blueprints.py::TestAdminController::test_visualize_data_endpoint_reset
ckanext/visualize/tests/test_blueprints.py::TestAdminController::test_visualize_data_endpoint_reset
ckanext/visualize/tests/test_blueprints.py::TestAdminController::test_visualize_data_endpoint_reset
ckanext/visualize/tests/test_blueprints.py::TestAdminController::test_visualize_data_endpoint_reset
ckanext/visualize/tests/test_blueprints.py::TestAdminController::test_visualize_data_endpoint_reset
ckanext/visualize/tests/test_blueprints.py::TestAdminController::test_visualize_data_endpoint_reset
ckanext/visualize/tests/test_helpers.py::TestHelpers::test_get_color_palette
ckanext/visualize/tests/test_helpers.py::TestHelpers::test_get_color_palette
ckanext/visualize/tests/test_helpers.py::TestHelpers::test_get_color_palette
ckanext/visualize/tests/test_helpers.py::TestHelpers::test_get_color_palette
ckanext/visualize/tests/test_helpers.py::TestHelpers::test_get_color_palette
ckanext/visualize/tests/test_helpers.py::TestHelpers::test_get_color_palette
ckanext/visualize/tests/test_helpers.py::TestHelpers::test_get_color_palette
ckanext/visualize/tests/test_helpers.py::TestHelpers::test_get_color_palette
ckanext/visualize/tests/test_helpers.py::TestHelpers::test_get_color_palette
ckanext/visualize/tests/test_helpers.py::TestHelpers::test_get_color_palette
ckanext/visualize/tests/test_helpers.py::TestHelpers::test_get_color_palette_from_config
ckanext/visualize/tests/test_helpers.py::TestHelpers::test_get_color_palette_from_config
ckanext/visualize/tests/test_helpers.py::TestHelpers::test_get_color_palette_from_config
ckanext/visualize/tests/test_helpers.py::TestHelpers::test_get_color_palette_from_config
ckanext/visualize/tests/test_helpers.py::TestHelpers::test_get_color_palette_from_config
ckanext/visualize/tests/test_helpers.py::TestHelpers::test_get_color_palette_from_config
ckanext/visualize/tests/test_helpers.py::TestHelpers::test_get_color_palette_from_config
ckanext/visualize/tests/test_helpers.py::TestHelpers::test_get_color_palette_from_config
ckanext/visualize/tests/test_helpers.py::TestHelpers::test_get_color_palette_from_config
ckanext/visualize/tests/test_helpers.py::TestHelpers::test_get_color_palette_from_config
ckanext/visualize/tests/test_helpers.py::TestHelpers::test_get_color_palette_from_config
ckanext/visualize/tests/test_helpers.py::TestHelpers::test_get_color_palette_from_config
ckanext/visualize/tests/test_helpers.py::TestHelpers::test_get_color_palette_from_config
ckanext/visualize/tests/test_helpers.py::TestHelpers::test_get_color_palette_from_config
ckanext/visualize/tests/test_helpers.py::TestHelpers::test_get_icon_for_data_type
ckanext/visualize/tests/test_helpers.py::TestHelpers::test_get_icon_for_data_type
ckanext/visualize/tests/test_helpers.py::TestHelpers::test_get_icon_for_data_type
ckanext/visualize/tests/test_helpers.py::TestHelpers::test_get_icon_for_data_type
ckanext/visualize/tests/test_helpers.py::TestHelpers::test_get_icon_for_data_type
ckanext/visualize/tests/test_helpers.py::TestHelpers::test_get_icon_for_data_type
ckanext/visualize/tests/test_helpers.py::TestHelpers::test_get_icon_for_data_type
ckanext/visualize/tests/test_helpers.py::TestHelpers::test_get_icon_for_data_type
ckanext/visualize/tests/test_helpers.py::TestHelpers::test_get_icon_for_data_type
ckanext/visualize/tests/test_helpers.py::TestHelpers::test_get_icon_for_data_type
ckanext/visualize/tests/test_helpers.py::TestHelpers::test_get_icon_for_data_type
ckanext/visualize/tests/test_helpers.py::TestHelpers::test_get_icon_for_data_type
ckanext/visualize/tests/test_helpers.py::TestHelpers::test_get_icon_for_data_type
ckanext/visualize/tests/test_helpers.py::TestHelpers::test_get_icon_for_data_type
ckanext/visualize/tests/test_helpers.py::TestHelpers::test_get_icon_for_data_type_no_type
ckanext/visualize/tests/test_helpers.py::TestHelpers::test_get_icon_for_data_type_no_type
ckanext/visualize/tests/test_helpers.py::TestHelpers::test_get_icon_for_data_type_no_type
ckanext/visualize/tests/test_helpers.py::TestHelpers::test_get_icon_for_data_type_no_type
ckanext/visualize/tests/test_helpers.py::TestHelpers::test_get_icon_for_data_type_no_type
ckanext/visualize/tests/test_helpers.py::TestHelpers::test_get_icon_for_data_type_no_type
ckanext/visualize/tests/test_helpers.py::TestHelpers::test_get_icon_for_data_type_no_type
ckanext/visualize/tests/test_helpers.py::TestHelpers::test_get_icon_for_data_type_no_type
ckanext/visualize/tests/test_helpers.py::TestHelpers::test_get_icon_for_data_type_no_type
ckanext/visualize/tests/test_helpers.py::TestHelpers::test_get_icon_for_data_type_no_type
ckanext/visualize/tests/test_helpers.py::TestHelpers::test_get_icon_for_data_type_no_type
ckanext/visualize/tests/test_helpers.py::TestHelpers::test_get_icon_for_data_type_no_type
ckanext/visualize/tests/test_helpers.py::TestHelpers::test_get_icon_for_data_type_no_type
ckanext/visualize/tests/test_helpers.py::TestHelpers::test_get_icon_for_data_type_no_type
ckanext/visualize/tests/test_view.py::TestVisualizeView::test_info
ckanext/visualize/tests/test_view.py::TestVisualizeView::test_info
ckanext/visualize/tests/test_view.py::TestVisualizeView::test_info
ckanext/visualize/tests/test_view.py::TestVisualizeView::test_info
ckanext/visualize/tests/test_view.py::TestVisualizeView::test_info
ckanext/visualize/tests/test_view.py::TestVisualizeView::test_info
ckanext/visualize/tests/test_view.py::TestVisualizeView::test_info
ckanext/visualize/tests/test_view.py::TestVisualizeView::test_info
ckanext/visualize/tests/test_view.py::TestVisualizeView::test_info
ckanext/visualize/tests/test_view.py::TestVisualizeView::test_info
ckanext/visualize/tests/test_view.py::TestVisualizeView::test_info
ckanext/visualize/tests/test_view.py::TestVisualizeView::test_info
ckanext/visualize/tests/test_view.py::TestVisualizeView::test_info
ckanext/visualize/tests/test_view.py::TestVisualizeView::test_info
ckanext/visualize/tests/test_view.py::TestVisualizeView::test_can_view
ckanext/visualize/tests/test_view.py::TestVisualizeView::test_can_view
ckanext/visualize/tests/test_view.py::TestVisualizeView::test_can_view
ckanext/visualize/tests/test_view.py::TestVisualizeView::test_can_view
ckanext/visualize/tests/test_view.py::TestVisualizeView::test_can_view
ckanext/visualize/tests/test_view.py::TestVisualizeView::test_can_view
ckanext/visualize/tests/test_view.py::TestVisualizeView::test_can_view
ckanext/visualize/tests/test_view.py::TestVisualizeView::test_can_view
ckanext/visualize/tests/test_view.py::TestVisualizeView::test_can_view
ckanext/visualize/tests/test_view.py::TestVisualizeView::test_can_view
ckanext/visualize/tests/test_view.py::TestVisualizeView::test_can_view
ckanext/visualize/tests/test_view.py::TestVisualizeView::test_can_view
ckanext/visualize/tests/test_view.py::TestVisualizeView::test_can_view
ckanext/visualize/tests/test_view.py::TestVisualizeView::test_can_view
ckanext/visualize/tests/test_view.py::TestVisualizeView::test_setup_template_variables
ckanext/visualize/tests/test_view.py::TestVisualizeView::test_setup_template_variables
ckanext/visualize/tests/test_view.py::TestVisualizeView::test_setup_template_variables
ckanext/visualize/tests/test_view.py::TestVisualizeView::test_setup_template_variables
ckanext/visualize/tests/test_view.py::TestVisualizeView::test_setup_template_variables
ckanext/visualize/tests/test_view.py::TestVisualizeView::test_setup_template_variables
ckanext/visualize/tests/test_view.py::TestVisualizeView::test_setup_template_variables
ckanext/visualize/tests/test_view.py::TestVisualizeView::test_setup_template_variables
ckanext/visualize/tests/test_view.py::TestVisualizeView::test_setup_template_variables
ckanext/visualize/tests/test_view.py::TestVisualizeView::test_setup_template_variables
ckanext/visualize/tests/test_view.py::TestVisualizeView::test_setup_template_variables
ckanext/visualize/tests/test_view.py::TestVisualizeView::test_setup_template_variables
ckanext/visualize/tests/test_view.py::TestVisualizeView::test_setup_template_variables
ckanext/visualize/tests/test_view.py::TestVisualizeView::test_setup_template_variables
ckanext/visualize/tests/test_view.py::TestVisualizeView::test_view_template
ckanext/visualize/tests/test_view.py::TestVisualizeView::test_view_template
ckanext/visualize/tests/test_view.py::TestVisualizeView::test_view_template
ckanext/visualize/tests/test_view.py::TestVisualizeView::test_view_template
ckanext/visualize/tests/test_view.py::TestVisualizeView::test_view_template
ckanext/visualize/tests/test_view.py::TestVisualizeView::test_view_template
ckanext/visualize/tests/test_view.py::TestVisualizeView::test_view_template
ckanext/visualize/tests/test_view.py::TestVisualizeView::test_view_template
ckanext/visualize/tests/test_view.py::TestVisualizeView::test_view_template
ckanext/visualize/tests/test_view.py::TestVisualizeView::test_view_template
ckanext/visualize/tests/test_view.py::TestVisualizeView::test_view_template
ckanext/visualize/tests/test_view.py::TestVisualizeView::test_view_template
ckanext/visualize/tests/test_view.py::TestVisualizeView::test_view_template
ckanext/visualize/tests/test_view.py::TestVisualizeView::test_view_template
ckanext/visualize/tests/test_view.py::TestVisualizeView::test_update_config_schema
ckanext/visualize/tests/test_view.py::TestVisualizeView::test_update_config_schema
ckanext/visualize/tests/test_view.py::TestVisualizeView::test_update_config_schema
ckanext/visualize/tests/test_view.py::TestVisualizeView::test_update_config_schema
ckanext/visualize/tests/test_view.py::TestVisualizeView::test_update_config_schema
ckanext/visualize/tests/test_view.py::TestVisualizeView::test_update_config_schema
ckanext/visualize/tests/test_view.py::TestVisualizeView::test_update_config_schema
ckanext/visualize/tests/test_view.py::TestVisualizeView::test_update_config_schema
ckanext/visualize/tests/test_view.py::TestVisualizeView::test_update_config_schema
ckanext/visualize/tests/test_view.py::TestVisualizeView::test_update_config_schema
ckanext/visualize/tests/test_view.py::TestVisualizeView::test_update_config_schema
ckanext/visualize/tests/test_view.py::TestVisualizeView::test_update_config_schema
ckanext/visualize/tests/test_view.py::TestVisualizeView::test_update_config_schema
ckanext/visualize/tests/test_view.py::TestVisualizeView::test_update_config_schema
  /home/elena/Desktop/local_ckan_1/lib/python3.6/site-packages/sqlalchemy/orm/session.py:854: SADeprecationWarning: SessionExtension.after_rollback is deprecated.  The SessionExtension class will be removed in a future release.  Please transition to the @event interface, using @event.listens_for(Session, 'after_rollback').
    SessionExtension._adapt_listener(self, ext)

ckanext/visualize/tests/test_blueprints.py::TestVisualizeDataController::test_visualize_data_endpoint_no_resource_provided
ckanext/visualize/tests/test_blueprints.py::TestVisualizeDataController::test_visualize_data_endpoint_no_resource_provided
ckanext/visualize/tests/test_blueprints.py::TestVisualizeDataController::test_visualize_data_endpoint_no_resource_provided
ckanext/visualize/tests/test_blueprints.py::TestVisualizeDataController::test_visualize_data_endpoint_no_resource_provided
ckanext/visualize/tests/test_blueprints.py::TestVisualizeDataController::test_visualize_data_endpoint_no_resource_provided
ckanext/visualize/tests/test_blueprints.py::TestVisualizeDataController::test_visualize_data_endpoint_no_resource_provided
ckanext/visualize/tests/test_blueprints.py::TestVisualizeDataController::test_visualize_data_endpoint_no_resource_provided
ckanext/visualize/tests/test_blueprints.py::TestVisualizeDataController::test_visualize_data_endpoint_no_resource_provided
ckanext/visualize/tests/test_blueprints.py::TestVisualizeDataController::test_visualize_data_endpoint_resource_not_found
ckanext/visualize/tests/test_blueprints.py::TestVisualizeDataController::test_visualize_data_endpoint_resource_not_found
ckanext/visualize/tests/test_blueprints.py::TestVisualizeDataController::test_visualize_data_endpoint_resource_not_found
ckanext/visualize/tests/test_blueprints.py::TestVisualizeDataController::test_visualize_data_endpoint_resource_not_found
ckanext/visualize/tests/test_blueprints.py::TestVisualizeDataController::test_visualize_data_endpoint_resource_not_found
ckanext/visualize/tests/test_blueprints.py::TestVisualizeDataController::test_visualize_data_endpoint_resource_not_found
ckanext/visualize/tests/test_blueprints.py::TestVisualizeDataController::test_visualize_data_endpoint_resource_not_found
ckanext/visualize/tests/test_blueprints.py::TestVisualizeDataController::test_visualize_data_endpoint_resource_not_found
ckanext/visualize/tests/test_blueprints.py::TestVisualizeDataController::test_visualize_data_endpoint_not_authorized
ckanext/visualize/tests/test_blueprints.py::TestVisualizeDataController::test_visualize_data_endpoint_not_authorized
ckanext/visualize/tests/test_blueprints.py::TestVisualizeDataController::test_visualize_data_endpoint_not_authorized
ckanext/visualize/tests/test_blueprints.py::TestVisualizeDataController::test_visualize_data_endpoint_not_authorized
ckanext/visualize/tests/test_blueprints.py::TestVisualizeDataController::test_visualize_data_endpoint_not_authorized
ckanext/visualize/tests/test_blueprints.py::TestVisualizeDataController::test_visualize_data_endpoint_not_authorized
ckanext/visualize/tests/test_blueprints.py::TestVisualizeDataController::test_visualize_data_endpoint_not_authorized
ckanext/visualize/tests/test_blueprints.py::TestVisualizeDataController::test_visualize_data_endpoint_not_authorized
ckanext/visualize/tests/test_blueprints.py::TestVisualizeDataController::test_visualize_data_endpoint
ckanext/visualize/tests/test_blueprints.py::TestVisualizeDataController::test_visualize_data_endpoint
ckanext/visualize/tests/test_blueprints.py::TestVisualizeDataController::test_visualize_data_endpoint
ckanext/visualize/tests/test_blueprints.py::TestVisualizeDataController::test_visualize_data_endpoint
ckanext/visualize/tests/test_blueprints.py::TestVisualizeDataController::test_visualize_data_endpoint
ckanext/visualize/tests/test_blueprints.py::TestVisualizeDataController::test_visualize_data_endpoint
ckanext/visualize/tests/test_blueprints.py::TestVisualizeDataController::test_visualize_data_endpoint
ckanext/visualize/tests/test_blueprints.py::TestVisualizeDataController::test_visualize_data_endpoint
ckanext/visualize/tests/test_blueprints.py::TestAdminController::test_visualize_data_endpoint_admin
ckanext/visualize/tests/test_blueprints.py::TestAdminController::test_visualize_data_endpoint_admin
ckanext/visualize/tests/test_blueprints.py::TestAdminController::test_visualize_data_endpoint_admin
ckanext/visualize/tests/test_blueprints.py::TestAdminController::test_visualize_data_endpoint_admin
ckanext/visualize/tests/test_blueprints.py::TestAdminController::test_visualize_data_endpoint_admin
ckanext/visualize/tests/test_blueprints.py::TestAdminController::test_visualize_data_endpoint_admin
ckanext/visualize/tests/test_blueprints.py::TestAdminController::test_visualize_data_endpoint_admin
ckanext/visualize/tests/test_blueprints.py::TestAdminController::test_visualize_data_endpoint_admin
ckanext/visualize/tests/test_blueprints.py::TestAdminController::test_visualize_data_endpoint_admin
ckanext/visualize/tests/test_blueprints.py::TestAdminController::test_visualize_data_endpoint_admin
ckanext/visualize/tests/test_blueprints.py::TestAdminController::test_visualize_data_endpoint_predefined_color
ckanext/visualize/tests/test_blueprints.py::TestAdminController::test_visualize_data_endpoint_predefined_color
ckanext/visualize/tests/test_blueprints.py::TestAdminController::test_visualize_data_endpoint_predefined_color
ckanext/visualize/tests/test_blueprints.py::TestAdminController::test_visualize_data_endpoint_predefined_color
ckanext/visualize/tests/test_blueprints.py::TestAdminController::test_visualize_data_endpoint_predefined_color
ckanext/visualize/tests/test_blueprints.py::TestAdminController::test_visualize_data_endpoint_predefined_color
ckanext/visualize/tests/test_blueprints.py::TestAdminController::test_visualize_data_endpoint_predefined_color
ckanext/visualize/tests/test_blueprints.py::TestAdminController::test_visualize_data_endpoint_predefined_color
ckanext/visualize/tests/test_blueprints.py::TestAdminController::test_visualize_data_endpoint_predefined_color
ckanext/visualize/tests/test_blueprints.py::TestAdminController::test_visualize_data_endpoint_predefined_color
ckanext/visualize/tests/test_blueprints.py::TestAdminController::test_visualize_data_endpoint_post
ckanext/visualize/tests/test_blueprints.py::TestAdminController::test_visualize_data_endpoint_post
ckanext/visualize/tests/test_blueprints.py::TestAdminController::test_visualize_data_endpoint_post
ckanext/visualize/tests/test_blueprints.py::TestAdminController::test_visualize_data_endpoint_post
ckanext/visualize/tests/test_blueprints.py::TestAdminController::test_visualize_data_endpoint_post
ckanext/visualize/tests/test_blueprints.py::TestAdminController::test_visualize_data_endpoint_post
ckanext/visualize/tests/test_blueprints.py::TestAdminController::test_visualize_data_endpoint_post
ckanext/visualize/tests/test_blueprints.py::TestAdminController::test_visualize_data_endpoint_post
ckanext/visualize/tests/test_blueprints.py::TestAdminController::test_visualize_data_endpoint_post
ckanext/visualize/tests/test_blueprints.py::TestAdminController::test_visualize_data_endpoint_post
ckanext/visualize/tests/test_blueprints.py::TestAdminController::test_visualize_data_endpoint_post
ckanext/visualize/tests/test_blueprints.py::TestAdminController::test_visualize_data_endpoint_post
ckanext/visualize/tests/test_blueprints.py::TestAdminController::test_visualize_data_endpoint_post_icon_url
ckanext/visualize/tests/test_blueprints.py::TestAdminController::test_visualize_data_endpoint_post_icon_url
ckanext/visualize/tests/test_blueprints.py::TestAdminController::test_visualize_data_endpoint_post_icon_url
ckanext/visualize/tests/test_blueprints.py::TestAdminController::test_visualize_data_endpoint_post_icon_url
ckanext/visualize/tests/test_blueprints.py::TestAdminController::test_visualize_data_endpoint_post_icon_url
ckanext/visualize/tests/test_blueprints.py::TestAdminController::test_visualize_data_endpoint_post_icon_url
ckanext/visualize/tests/test_blueprints.py::TestAdminController::test_visualize_data_endpoint_post_icon_url
ckanext/visualize/tests/test_blueprints.py::TestAdminController::test_visualize_data_endpoint_post_icon_url
ckanext/visualize/tests/test_blueprints.py::TestAdminController::test_visualize_data_endpoint_post_icon_url
ckanext/visualize/tests/test_blueprints.py::TestAdminController::test_visualize_data_endpoint_post_icon_url
ckanext/visualize/tests/test_blueprints.py::TestAdminController::test_visualize_data_endpoint_post_icon_url
ckanext/visualize/tests/test_blueprints.py::TestAdminController::test_visualize_data_endpoint_post_icon_url
ckanext/visualize/tests/test_blueprints.py::TestAdminController::test_visualize_data_endpoint_post_icon_upload
ckanext/visualize/tests/test_blueprints.py::TestAdminController::test_visualize_data_endpoint_post_icon_upload
ckanext/visualize/tests/test_blueprints.py::TestAdminController::test_visualize_data_endpoint_post_icon_upload
ckanext/visualize/tests/test_blueprints.py::TestAdminController::test_visualize_data_endpoint_post_icon_upload
ckanext/visualize/tests/test_blueprints.py::TestAdminController::test_visualize_data_endpoint_post_icon_upload
ckanext/visualize/tests/test_blueprints.py::TestAdminController::test_visualize_data_endpoint_post_icon_upload
ckanext/visualize/tests/test_blueprints.py::TestAdminController::test_visualize_data_endpoint_post_icon_upload
ckanext/visualize/tests/test_blueprints.py::TestAdminController::test_visualize_data_endpoint_post_icon_upload
ckanext/visualize/tests/test_blueprints.py::TestAdminController::test_visualize_data_endpoint_post_icon_upload
ckanext/visualize/tests/test_blueprints.py::TestAdminController::test_visualize_data_endpoint_post_icon_upload
ckanext/visualize/tests/test_blueprints.py::TestAdminController::test_visualize_data_endpoint_reset
ckanext/visualize/tests/test_blueprints.py::TestAdminController::test_visualize_data_endpoint_reset
ckanext/visualize/tests/test_blueprints.py::TestAdminController::test_visualize_data_endpoint_reset
ckanext/visualize/tests/test_blueprints.py::TestAdminController::test_visualize_data_endpoint_reset
ckanext/visualize/tests/test_blueprints.py::TestAdminController::test_visualize_data_endpoint_reset
ckanext/visualize/tests/test_blueprints.py::TestAdminController::test_visualize_data_endpoint_reset
ckanext/visualize/tests/test_blueprints.py::TestAdminController::test_visualize_data_endpoint_reset
ckanext/visualize/tests/test_blueprints.py::TestAdminController::test_visualize_data_endpoint_reset
ckanext/visualize/tests/test_blueprints.py::TestAdminController::test_visualize_data_endpoint_reset
ckanext/visualize/tests/test_blueprints.py::TestAdminController::test_visualize_data_endpoint_reset
ckanext/visualize/tests/test_helpers.py::TestHelpers::test_get_color_palette
ckanext/visualize/tests/test_helpers.py::TestHelpers::test_get_color_palette
ckanext/visualize/tests/test_helpers.py::TestHelpers::test_get_color_palette
ckanext/visualize/tests/test_helpers.py::TestHelpers::test_get_color_palette
ckanext/visualize/tests/test_helpers.py::TestHelpers::test_get_color_palette
ckanext/visualize/tests/test_helpers.py::TestHelpers::test_get_color_palette
ckanext/visualize/tests/test_helpers.py::TestHelpers::test_get_color_palette
ckanext/visualize/tests/test_helpers.py::TestHelpers::test_get_color_palette
ckanext/visualize/tests/test_helpers.py::TestHelpers::test_get_color_palette
ckanext/visualize/tests/test_helpers.py::TestHelpers::test_get_color_palette
ckanext/visualize/tests/test_helpers.py::TestHelpers::test_get_color_palette_from_config
ckanext/visualize/tests/test_helpers.py::TestHelpers::test_get_color_palette_from_config
ckanext/visualize/tests/test_helpers.py::TestHelpers::test_get_color_palette_from_config
ckanext/visualize/tests/test_helpers.py::TestHelpers::test_get_color_palette_from_config
ckanext/visualize/tests/test_helpers.py::TestHelpers::test_get_color_palette_from_config
ckanext/visualize/tests/test_helpers.py::TestHelpers::test_get_color_palette_from_config
ckanext/visualize/tests/test_helpers.py::TestHelpers::test_get_color_palette_from_config
ckanext/visualize/tests/test_helpers.py::TestHelpers::test_get_color_palette_from_config
ckanext/visualize/tests/test_helpers.py::TestHelpers::test_get_color_palette_from_config
ckanext/visualize/tests/test_helpers.py::TestHelpers::test_get_color_palette_from_config
ckanext/visualize/tests/test_helpers.py::TestHelpers::test_get_color_palette_from_config
ckanext/visualize/tests/test_helpers.py::TestHelpers::test_get_color_palette_from_config
ckanext/visualize/tests/test_helpers.py::TestHelpers::test_get_color_palette_from_config
ckanext/visualize/tests/test_helpers.py::TestHelpers::test_get_color_palette_from_config
ckanext/visualize/tests/test_helpers.py::TestHelpers::test_get_icon_for_data_type
ckanext/visualize/tests/test_helpers.py::TestHelpers::test_get_icon_for_data_type
ckanext/visualize/tests/test_helpers.py::TestHelpers::test_get_icon_for_data_type
ckanext/visualize/tests/test_helpers.py::TestHelpers::test_get_icon_for_data_type
ckanext/visualize/tests/test_helpers.py::TestHelpers::test_get_icon_for_data_type
ckanext/visualize/tests/test_helpers.py::TestHelpers::test_get_icon_for_data_type
ckanext/visualize/tests/test_helpers.py::TestHelpers::test_get_icon_for_data_type
ckanext/visualize/tests/test_helpers.py::TestHelpers::test_get_icon_for_data_type
ckanext/visualize/tests/test_helpers.py::TestHelpers::test_get_icon_for_data_type
ckanext/visualize/tests/test_helpers.py::TestHelpers::test_get_icon_for_data_type
ckanext/visualize/tests/test_helpers.py::TestHelpers::test_get_icon_for_data_type
ckanext/visualize/tests/test_helpers.py::TestHelpers::test_get_icon_for_data_type
ckanext/visualize/tests/test_helpers.py::TestHelpers::test_get_icon_for_data_type
ckanext/visualize/tests/test_helpers.py::TestHelpers::test_get_icon_for_data_type
ckanext/visualize/tests/test_helpers.py::TestHelpers::test_get_icon_for_data_type_no_type
ckanext/visualize/tests/test_helpers.py::TestHelpers::test_get_icon_for_data_type_no_type
ckanext/visualize/tests/test_helpers.py::TestHelpers::test_get_icon_for_data_type_no_type
ckanext/visualize/tests/test_helpers.py::TestHelpers::test_get_icon_for_data_type_no_type
ckanext/visualize/tests/test_helpers.py::TestHelpers::test_get_icon_for_data_type_no_type
ckanext/visualize/tests/test_helpers.py::TestHelpers::test_get_icon_for_data_type_no_type
ckanext/visualize/tests/test_helpers.py::TestHelpers::test_get_icon_for_data_type_no_type
ckanext/visualize/tests/test_helpers.py::TestHelpers::test_get_icon_for_data_type_no_type
ckanext/visualize/tests/test_helpers.py::TestHelpers::test_get_icon_for_data_type_no_type
ckanext/visualize/tests/test_helpers.py::TestHelpers::test_get_icon_for_data_type_no_type
ckanext/visualize/tests/test_helpers.py::TestHelpers::test_get_icon_for_data_type_no_type
ckanext/visualize/tests/test_helpers.py::TestHelpers::test_get_icon_for_data_type_no_type
ckanext/visualize/tests/test_helpers.py::TestHelpers::test_get_icon_for_data_type_no_type
ckanext/visualize/tests/test_helpers.py::TestHelpers::test_get_icon_for_data_type_no_type
ckanext/visualize/tests/test_view.py::TestVisualizeView::test_info
ckanext/visualize/tests/test_view.py::TestVisualizeView::test_info
ckanext/visualize/tests/test_view.py::TestVisualizeView::test_info
ckanext/visualize/tests/test_view.py::TestVisualizeView::test_info
ckanext/visualize/tests/test_view.py::TestVisualizeView::test_info
ckanext/visualize/tests/test_view.py::TestVisualizeView::test_info
ckanext/visualize/tests/test_view.py::TestVisualizeView::test_info
ckanext/visualize/tests/test_view.py::TestVisualizeView::test_info
ckanext/visualize/tests/test_view.py::TestVisualizeView::test_info
ckanext/visualize/tests/test_view.py::TestVisualizeView::test_info
ckanext/visualize/tests/test_view.py::TestVisualizeView::test_info
ckanext/visualize/tests/test_view.py::TestVisualizeView::test_info
ckanext/visualize/tests/test_view.py::TestVisualizeView::test_info
ckanext/visualize/tests/test_view.py::TestVisualizeView::test_info
ckanext/visualize/tests/test_view.py::TestVisualizeView::test_can_view
ckanext/visualize/tests/test_view.py::TestVisualizeView::test_can_view
ckanext/visualize/tests/test_view.py::TestVisualizeView::test_can_view
ckanext/visualize/tests/test_view.py::TestVisualizeView::test_can_view
ckanext/visualize/tests/test_view.py::TestVisualizeView::test_can_view
ckanext/visualize/tests/test_view.py::TestVisualizeView::test_can_view
ckanext/visualize/tests/test_view.py::TestVisualizeView::test_can_view
ckanext/visualize/tests/test_view.py::TestVisualizeView::test_can_view
ckanext/visualize/tests/test_view.py::TestVisualizeView::test_can_view
ckanext/visualize/tests/test_view.py::TestVisualizeView::test_can_view
ckanext/visualize/tests/test_view.py::TestVisualizeView::test_can_view
ckanext/visualize/tests/test_view.py::TestVisualizeView::test_can_view
ckanext/visualize/tests/test_view.py::TestVisualizeView::test_can_view
ckanext/visualize/tests/test_view.py::TestVisualizeView::test_can_view
ckanext/visualize/tests/test_view.py::TestVisualizeView::test_setup_template_variables
ckanext/visualize/tests/test_view.py::TestVisualizeView::test_setup_template_variables
ckanext/visualize/tests/test_view.py::TestVisualizeView::test_setup_template_variables
ckanext/visualize/tests/test_view.py::TestVisualizeView::test_setup_template_variables
ckanext/visualize/tests/test_view.py::TestVisualizeView::test_setup_template_variables
ckanext/visualize/tests/test_view.py::TestVisualizeView::test_setup_template_variables
ckanext/visualize/tests/test_view.py::TestVisualizeView::test_setup_template_variables
ckanext/visualize/tests/test_view.py::TestVisualizeView::test_setup_template_variables
ckanext/visualize/tests/test_view.py::TestVisualizeView::test_setup_template_variables
ckanext/visualize/tests/test_view.py::TestVisualizeView::test_setup_template_variables
ckanext/visualize/tests/test_view.py::TestVisualizeView::test_setup_template_variables
ckanext/visualize/tests/test_view.py::TestVisualizeView::test_setup_template_variables
ckanext/visualize/tests/test_view.py::TestVisualizeView::test_setup_template_variables
ckanext/visualize/tests/test_view.py::TestVisualizeView::test_setup_template_variables
ckanext/visualize/tests/test_view.py::TestVisualizeView::test_view_template
ckanext/visualize/tests/test_view.py::TestVisualizeView::test_view_template
ckanext/visualize/tests/test_view.py::TestVisualizeView::test_view_template
ckanext/visualize/tests/test_view.py::TestVisualizeView::test_view_template
ckanext/visualize/tests/test_view.py::TestVisualizeView::test_view_template
ckanext/visualize/tests/test_view.py::TestVisualizeView::test_view_template
ckanext/visualize/tests/test_view.py::TestVisualizeView::test_view_template
ckanext/visualize/tests/test_view.py::TestVisualizeView::test_view_template
ckanext/visualize/tests/test_view.py::TestVisualizeView::test_view_template
ckanext/visualize/tests/test_view.py::TestVisualizeView::test_view_template
ckanext/visualize/tests/test_view.py::TestVisualizeView::test_view_template
ckanext/visualize/tests/test_view.py::TestVisualizeView::test_view_template
ckanext/visualize/tests/test_view.py::TestVisualizeView::test_view_template
ckanext/visualize/tests/test_view.py::TestVisualizeView::test_view_template
ckanext/visualize/tests/test_view.py::TestVisualizeView::test_update_config_schema
ckanext/visualize/tests/test_view.py::TestVisualizeView::test_update_config_schema
ckanext/visualize/tests/test_view.py::TestVisualizeView::test_update_config_schema
ckanext/visualize/tests/test_view.py::TestVisualizeView::test_update_config_schema
ckanext/visualize/tests/test_view.py::TestVisualizeView::test_update_config_schema
ckanext/visualize/tests/test_view.py::TestVisualizeView::test_update_config_schema
ckanext/visualize/tests/test_view.py::TestVisualizeView::test_update_config_schema
ckanext/visualize/tests/test_view.py::TestVisualizeView::test_update_config_schema
ckanext/visualize/tests/test_view.py::TestVisualizeView::test_update_config_schema
ckanext/visualize/tests/test_view.py::TestVisualizeView::test_update_config_schema
ckanext/visualize/tests/test_view.py::TestVisualizeView::test_update_config_schema
ckanext/visualize/tests/test_view.py::TestVisualizeView::test_update_config_schema
ckanext/visualize/tests/test_view.py::TestVisualizeView::test_update_config_schema
ckanext/visualize/tests/test_view.py::TestVisualizeView::test_update_config_schema
  /home/elena/Desktop/local_ckan_1/lib/python3.6/site-packages/sqlalchemy/orm/session.py:854: SADeprecationWarning: SessionExtension.before_flush is deprecated.  The SessionExtension class will be removed in a future release.  Please transition to the @event interface, using @event.listens_for(Session, 'before_flush').
    SessionExtension._adapt_listener(self, ext)

ckanext/visualize/tests/test_blueprints.py::TestVisualizeDataController::test_visualize_data_endpoint_no_resource_provided
ckanext/visualize/tests/test_blueprints.py::TestVisualizeDataController::test_visualize_data_endpoint_no_resource_provided
ckanext/visualize/tests/test_blueprints.py::TestVisualizeDataController::test_visualize_data_endpoint_no_resource_provided
ckanext/visualize/tests/test_blueprints.py::TestVisualizeDataController::test_visualize_data_endpoint_no_resource_provided
ckanext/visualize/tests/test_blueprints.py::TestVisualizeDataController::test_visualize_data_endpoint_resource_not_found
ckanext/visualize/tests/test_blueprints.py::TestVisualizeDataController::test_visualize_data_endpoint_resource_not_found
ckanext/visualize/tests/test_blueprints.py::TestVisualizeDataController::test_visualize_data_endpoint_resource_not_found
ckanext/visualize/tests/test_blueprints.py::TestVisualizeDataController::test_visualize_data_endpoint_resource_not_found
ckanext/visualize/tests/test_blueprints.py::TestVisualizeDataController::test_visualize_data_endpoint_not_authorized
ckanext/visualize/tests/test_blueprints.py::TestVisualizeDataController::test_visualize_data_endpoint_not_authorized
ckanext/visualize/tests/test_blueprints.py::TestVisualizeDataController::test_visualize_data_endpoint_not_authorized
ckanext/visualize/tests/test_blueprints.py::TestVisualizeDataController::test_visualize_data_endpoint_not_authorized
ckanext/visualize/tests/test_blueprints.py::TestVisualizeDataController::test_visualize_data_endpoint
ckanext/visualize/tests/test_blueprints.py::TestVisualizeDataController::test_visualize_data_endpoint
ckanext/visualize/tests/test_blueprints.py::TestVisualizeDataController::test_visualize_data_endpoint
ckanext/visualize/tests/test_blueprints.py::TestVisualizeDataController::test_visualize_data_endpoint
ckanext/visualize/tests/test_blueprints.py::TestAdminController::test_visualize_data_endpoint_admin
ckanext/visualize/tests/test_blueprints.py::TestAdminController::test_visualize_data_endpoint_admin
ckanext/visualize/tests/test_blueprints.py::TestAdminController::test_visualize_data_endpoint_admin
ckanext/visualize/tests/test_blueprints.py::TestAdminController::test_visualize_data_endpoint_admin
ckanext/visualize/tests/test_blueprints.py::TestAdminController::test_visualize_data_endpoint_admin
ckanext/visualize/tests/test_blueprints.py::TestAdminController::test_visualize_data_endpoint_predefined_color
ckanext/visualize/tests/test_blueprints.py::TestAdminController::test_visualize_data_endpoint_predefined_color
ckanext/visualize/tests/test_blueprints.py::TestAdminController::test_visualize_data_endpoint_predefined_color
ckanext/visualize/tests/test_blueprints.py::TestAdminController::test_visualize_data_endpoint_predefined_color
ckanext/visualize/tests/test_blueprints.py::TestAdminController::test_visualize_data_endpoint_predefined_color
ckanext/visualize/tests/test_blueprints.py::TestAdminController::test_visualize_data_endpoint_post
ckanext/visualize/tests/test_blueprints.py::TestAdminController::test_visualize_data_endpoint_post
ckanext/visualize/tests/test_blueprints.py::TestAdminController::test_visualize_data_endpoint_post
ckanext/visualize/tests/test_blueprints.py::TestAdminController::test_visualize_data_endpoint_post
ckanext/visualize/tests/test_blueprints.py::TestAdminController::test_visualize_data_endpoint_post
ckanext/visualize/tests/test_blueprints.py::TestAdminController::test_visualize_data_endpoint_post
ckanext/visualize/tests/test_blueprints.py::TestAdminController::test_visualize_data_endpoint_post_icon_url
ckanext/visualize/tests/test_blueprints.py::TestAdminController::test_visualize_data_endpoint_post_icon_url
ckanext/visualize/tests/test_blueprints.py::TestAdminController::test_visualize_data_endpoint_post_icon_url
ckanext/visualize/tests/test_blueprints.py::TestAdminController::test_visualize_data_endpoint_post_icon_url
ckanext/visualize/tests/test_blueprints.py::TestAdminController::test_visualize_data_endpoint_post_icon_url
ckanext/visualize/tests/test_blueprints.py::TestAdminController::test_visualize_data_endpoint_post_icon_url
ckanext/visualize/tests/test_blueprints.py::TestAdminController::test_visualize_data_endpoint_post_icon_upload
ckanext/visualize/tests/test_blueprints.py::TestAdminController::test_visualize_data_endpoint_post_icon_upload
ckanext/visualize/tests/test_blueprints.py::TestAdminController::test_visualize_data_endpoint_post_icon_upload
ckanext/visualize/tests/test_blueprints.py::TestAdminController::test_visualize_data_endpoint_post_icon_upload
ckanext/visualize/tests/test_blueprints.py::TestAdminController::test_visualize_data_endpoint_post_icon_upload
ckanext/visualize/tests/test_blueprints.py::TestAdminController::test_visualize_data_endpoint_reset
ckanext/visualize/tests/test_blueprints.py::TestAdminController::test_visualize_data_endpoint_reset
ckanext/visualize/tests/test_blueprints.py::TestAdminController::test_visualize_data_endpoint_reset
ckanext/visualize/tests/test_blueprints.py::TestAdminController::test_visualize_data_endpoint_reset
ckanext/visualize/tests/test_blueprints.py::TestAdminController::test_visualize_data_endpoint_reset
ckanext/visualize/tests/test_helpers.py::TestHelpers::test_get_color_palette
ckanext/visualize/tests/test_helpers.py::TestHelpers::test_get_color_palette
ckanext/visualize/tests/test_helpers.py::TestHelpers::test_get_color_palette
ckanext/visualize/tests/test_helpers.py::TestHelpers::test_get_color_palette
ckanext/visualize/tests/test_helpers.py::TestHelpers::test_get_color_palette
ckanext/visualize/tests/test_helpers.py::TestHelpers::test_get_color_palette_from_config
ckanext/visualize/tests/test_helpers.py::TestHelpers::test_get_color_palette_from_config
ckanext/visualize/tests/test_helpers.py::TestHelpers::test_get_color_palette_from_config
ckanext/visualize/tests/test_helpers.py::TestHelpers::test_get_color_palette_from_config
ckanext/visualize/tests/test_helpers.py::TestHelpers::test_get_color_palette_from_config
ckanext/visualize/tests/test_helpers.py::TestHelpers::test_get_color_palette_from_config
ckanext/visualize/tests/test_helpers.py::TestHelpers::test_get_color_palette_from_config
ckanext/visualize/tests/test_helpers.py::TestHelpers::test_get_icon_for_data_type
ckanext/visualize/tests/test_helpers.py::TestHelpers::test_get_icon_for_data_type
ckanext/visualize/tests/test_helpers.py::TestHelpers::test_get_icon_for_data_type
ckanext/visualize/tests/test_helpers.py::TestHelpers::test_get_icon_for_data_type
ckanext/visualize/tests/test_helpers.py::TestHelpers::test_get_icon_for_data_type
ckanext/visualize/tests/test_helpers.py::TestHelpers::test_get_icon_for_data_type
ckanext/visualize/tests/test_helpers.py::TestHelpers::test_get_icon_for_data_type
ckanext/visualize/tests/test_helpers.py::TestHelpers::test_get_icon_for_data_type_no_type
ckanext/visualize/tests/test_helpers.py::TestHelpers::test_get_icon_for_data_type_no_type
ckanext/visualize/tests/test_helpers.py::TestHelpers::test_get_icon_for_data_type_no_type
ckanext/visualize/tests/test_helpers.py::TestHelpers::test_get_icon_for_data_type_no_type
ckanext/visualize/tests/test_helpers.py::TestHelpers::test_get_icon_for_data_type_no_type
ckanext/visualize/tests/test_helpers.py::TestHelpers::test_get_icon_for_data_type_no_type
ckanext/visualize/tests/test_helpers.py::TestHelpers::test_get_icon_for_data_type_no_type
ckanext/visualize/tests/test_view.py::TestVisualizeView::test_info
ckanext/visualize/tests/test_view.py::TestVisualizeView::test_info
ckanext/visualize/tests/test_view.py::TestVisualizeView::test_info
ckanext/visualize/tests/test_view.py::TestVisualizeView::test_info
ckanext/visualize/tests/test_view.py::TestVisualizeView::test_info
ckanext/visualize/tests/test_view.py::TestVisualizeView::test_info
ckanext/visualize/tests/test_view.py::TestVisualizeView::test_info
ckanext/visualize/tests/test_view.py::TestVisualizeView::test_can_view
ckanext/visualize/tests/test_view.py::TestVisualizeView::test_can_view
ckanext/visualize/tests/test_view.py::TestVisualizeView::test_can_view
ckanext/visualize/tests/test_view.py::TestVisualizeView::test_can_view
ckanext/visualize/tests/test_view.py::TestVisualizeView::test_can_view
ckanext/visualize/tests/test_view.py::TestVisualizeView::test_can_view
ckanext/visualize/tests/test_view.py::TestVisualizeView::test_can_view
ckanext/visualize/tests/test_view.py::TestVisualizeView::test_setup_template_variables
ckanext/visualize/tests/test_view.py::TestVisualizeView::test_setup_template_variables
ckanext/visualize/tests/test_view.py::TestVisualizeView::test_setup_template_variables
ckanext/visualize/tests/test_view.py::TestVisualizeView::test_setup_template_variables
ckanext/visualize/tests/test_view.py::TestVisualizeView::test_setup_template_variables
ckanext/visualize/tests/test_view.py::TestVisualizeView::test_setup_template_variables
ckanext/visualize/tests/test_view.py::TestVisualizeView::test_setup_template_variables
ckanext/visualize/tests/test_view.py::TestVisualizeView::test_view_template
ckanext/visualize/tests/test_view.py::TestVisualizeView::test_view_template
ckanext/visualize/tests/test_view.py::TestVisualizeView::test_view_template
ckanext/visualize/tests/test_view.py::TestVisualizeView::test_view_template
ckanext/visualize/tests/test_view.py::TestVisualizeView::test_view_template
ckanext/visualize/tests/test_view.py::TestVisualizeView::test_view_template
ckanext/visualize/tests/test_view.py::TestVisualizeView::test_view_template
ckanext/visualize/tests/test_view.py::TestVisualizeView::test_update_config_schema
ckanext/visualize/tests/test_view.py::TestVisualizeView::test_update_config_schema
ckanext/visualize/tests/test_view.py::TestVisualizeView::test_update_config_schema
ckanext/visualize/tests/test_view.py::TestVisualizeView::test_update_config_schema
ckanext/visualize/tests/test_view.py::TestVisualizeView::test_update_config_schema
ckanext/visualize/tests/test_view.py::TestVisualizeView::test_update_config_schema
ckanext/visualize/tests/test_view.py::TestVisualizeView::test_update_config_schema
  /home/elena/Desktop/local_ckan_1/lib/python3.6/site-packages/sqlalchemy/orm/session.py:854: SADeprecationWarning: SessionExtension.after_flush is deprecated.  The SessionExtension class will be removed in a future release.  Please transition to the @event interface, using @event.listens_for(Session, 'after_flush').
    SessionExtension._adapt_listener(self, ext)

ckanext/visualize/tests/test_blueprints.py::TestVisualizeDataController::test_visualize_data_endpoint_no_resource_provided
ckanext/visualize/tests/test_blueprints.py::TestVisualizeDataController::test_visualize_data_endpoint_no_resource_provided
ckanext/visualize/tests/test_blueprints.py::TestVisualizeDataController::test_visualize_data_endpoint_no_resource_provided
ckanext/visualize/tests/test_blueprints.py::TestVisualizeDataController::test_visualize_data_endpoint_no_resource_provided
ckanext/visualize/tests/test_blueprints.py::TestVisualizeDataController::test_visualize_data_endpoint_resource_not_found
ckanext/visualize/tests/test_blueprints.py::TestVisualizeDataController::test_visualize_data_endpoint_resource_not_found
ckanext/visualize/tests/test_blueprints.py::TestVisualizeDataController::test_visualize_data_endpoint_resource_not_found
ckanext/visualize/tests/test_blueprints.py::TestVisualizeDataController::test_visualize_data_endpoint_resource_not_found
ckanext/visualize/tests/test_blueprints.py::TestVisualizeDataController::test_visualize_data_endpoint_not_authorized
ckanext/visualize/tests/test_blueprints.py::TestVisualizeDataController::test_visualize_data_endpoint_not_authorized
ckanext/visualize/tests/test_blueprints.py::TestVisualizeDataController::test_visualize_data_endpoint_not_authorized
ckanext/visualize/tests/test_blueprints.py::TestVisualizeDataController::test_visualize_data_endpoint_not_authorized
ckanext/visualize/tests/test_blueprints.py::TestVisualizeDataController::test_visualize_data_endpoint
ckanext/visualize/tests/test_blueprints.py::TestVisualizeDataController::test_visualize_data_endpoint
ckanext/visualize/tests/test_blueprints.py::TestVisualizeDataController::test_visualize_data_endpoint
ckanext/visualize/tests/test_blueprints.py::TestVisualizeDataController::test_visualize_data_endpoint
ckanext/visualize/tests/test_blueprints.py::TestAdminController::test_visualize_data_endpoint_admin
ckanext/visualize/tests/test_blueprints.py::TestAdminController::test_visualize_data_endpoint_admin
ckanext/visualize/tests/test_blueprints.py::TestAdminController::test_visualize_data_endpoint_admin
ckanext/visualize/tests/test_blueprints.py::TestAdminController::test_visualize_data_endpoint_admin
ckanext/visualize/tests/test_blueprints.py::TestAdminController::test_visualize_data_endpoint_admin
ckanext/visualize/tests/test_blueprints.py::TestAdminController::test_visualize_data_endpoint_predefined_color
ckanext/visualize/tests/test_blueprints.py::TestAdminController::test_visualize_data_endpoint_predefined_color
ckanext/visualize/tests/test_blueprints.py::TestAdminController::test_visualize_data_endpoint_predefined_color
ckanext/visualize/tests/test_blueprints.py::TestAdminController::test_visualize_data_endpoint_predefined_color
ckanext/visualize/tests/test_blueprints.py::TestAdminController::test_visualize_data_endpoint_predefined_color
ckanext/visualize/tests/test_blueprints.py::TestAdminController::test_visualize_data_endpoint_post
ckanext/visualize/tests/test_blueprints.py::TestAdminController::test_visualize_data_endpoint_post
ckanext/visualize/tests/test_blueprints.py::TestAdminController::test_visualize_data_endpoint_post
ckanext/visualize/tests/test_blueprints.py::TestAdminController::test_visualize_data_endpoint_post
ckanext/visualize/tests/test_blueprints.py::TestAdminController::test_visualize_data_endpoint_post
ckanext/visualize/tests/test_blueprints.py::TestAdminController::test_visualize_data_endpoint_post
ckanext/visualize/tests/test_blueprints.py::TestAdminController::test_visualize_data_endpoint_post_icon_url
ckanext/visualize/tests/test_blueprints.py::TestAdminController::test_visualize_data_endpoint_post_icon_url
ckanext/visualize/tests/test_blueprints.py::TestAdminController::test_visualize_data_endpoint_post_icon_url
ckanext/visualize/tests/test_blueprints.py::TestAdminController::test_visualize_data_endpoint_post_icon_url
ckanext/visualize/tests/test_blueprints.py::TestAdminController::test_visualize_data_endpoint_post_icon_url
ckanext/visualize/tests/test_blueprints.py::TestAdminController::test_visualize_data_endpoint_post_icon_url
ckanext/visualize/tests/test_blueprints.py::TestAdminController::test_visualize_data_endpoint_post_icon_upload
ckanext/visualize/tests/test_blueprints.py::TestAdminController::test_visualize_data_endpoint_post_icon_upload
ckanext/visualize/tests/test_blueprints.py::TestAdminController::test_visualize_data_endpoint_post_icon_upload
ckanext/visualize/tests/test_blueprints.py::TestAdminController::test_visualize_data_endpoint_post_icon_upload
ckanext/visualize/tests/test_blueprints.py::TestAdminController::test_visualize_data_endpoint_post_icon_upload
ckanext/visualize/tests/test_blueprints.py::TestAdminController::test_visualize_data_endpoint_reset
ckanext/visualize/tests/test_blueprints.py::TestAdminController::test_visualize_data_endpoint_reset
ckanext/visualize/tests/test_blueprints.py::TestAdminController::test_visualize_data_endpoint_reset
ckanext/visualize/tests/test_blueprints.py::TestAdminController::test_visualize_data_endpoint_reset
ckanext/visualize/tests/test_blueprints.py::TestAdminController::test_visualize_data_endpoint_reset
ckanext/visualize/tests/test_helpers.py::TestHelpers::test_get_color_palette
ckanext/visualize/tests/test_helpers.py::TestHelpers::test_get_color_palette
ckanext/visualize/tests/test_helpers.py::TestHelpers::test_get_color_palette
ckanext/visualize/tests/test_helpers.py::TestHelpers::test_get_color_palette
ckanext/visualize/tests/test_helpers.py::TestHelpers::test_get_color_palette
ckanext/visualize/tests/test_helpers.py::TestHelpers::test_get_color_palette_from_config
ckanext/visualize/tests/test_helpers.py::TestHelpers::test_get_color_palette_from_config
ckanext/visualize/tests/test_helpers.py::TestHelpers::test_get_color_palette_from_config
ckanext/visualize/tests/test_helpers.py::TestHelpers::test_get_color_palette_from_config
ckanext/visualize/tests/test_helpers.py::TestHelpers::test_get_color_palette_from_config
ckanext/visualize/tests/test_helpers.py::TestHelpers::test_get_color_palette_from_config
ckanext/visualize/tests/test_helpers.py::TestHelpers::test_get_color_palette_from_config
ckanext/visualize/tests/test_helpers.py::TestHelpers::test_get_icon_for_data_type
ckanext/visualize/tests/test_helpers.py::TestHelpers::test_get_icon_for_data_type
ckanext/visualize/tests/test_helpers.py::TestHelpers::test_get_icon_for_data_type
ckanext/visualize/tests/test_helpers.py::TestHelpers::test_get_icon_for_data_type
ckanext/visualize/tests/test_helpers.py::TestHelpers::test_get_icon_for_data_type
ckanext/visualize/tests/test_helpers.py::TestHelpers::test_get_icon_for_data_type
ckanext/visualize/tests/test_helpers.py::TestHelpers::test_get_icon_for_data_type
ckanext/visualize/tests/test_helpers.py::TestHelpers::test_get_icon_for_data_type_no_type
ckanext/visualize/tests/test_helpers.py::TestHelpers::test_get_icon_for_data_type_no_type
ckanext/visualize/tests/test_helpers.py::TestHelpers::test_get_icon_for_data_type_no_type
ckanext/visualize/tests/test_helpers.py::TestHelpers::test_get_icon_for_data_type_no_type
ckanext/visualize/tests/test_helpers.py::TestHelpers::test_get_icon_for_data_type_no_type
ckanext/visualize/tests/test_helpers.py::TestHelpers::test_get_icon_for_data_type_no_type
ckanext/visualize/tests/test_helpers.py::TestHelpers::test_get_icon_for_data_type_no_type
ckanext/visualize/tests/test_view.py::TestVisualizeView::test_info
ckanext/visualize/tests/test_view.py::TestVisualizeView::test_info
ckanext/visualize/tests/test_view.py::TestVisualizeView::test_info
ckanext/visualize/tests/test_view.py::TestVisualizeView::test_info
ckanext/visualize/tests/test_view.py::TestVisualizeView::test_info
ckanext/visualize/tests/test_view.py::TestVisualizeView::test_info
ckanext/visualize/tests/test_view.py::TestVisualizeView::test_info
ckanext/visualize/tests/test_view.py::TestVisualizeView::test_can_view
ckanext/visualize/tests/test_view.py::TestVisualizeView::test_can_view
ckanext/visualize/tests/test_view.py::TestVisualizeView::test_can_view
ckanext/visualize/tests/test_view.py::TestVisualizeView::test_can_view
ckanext/visualize/tests/test_view.py::TestVisualizeView::test_can_view
ckanext/visualize/tests/test_view.py::TestVisualizeView::test_can_view
ckanext/visualize/tests/test_view.py::TestVisualizeView::test_can_view
ckanext/visualize/tests/test_view.py::TestVisualizeView::test_setup_template_variables
ckanext/visualize/tests/test_view.py::TestVisualizeView::test_setup_template_variables
ckanext/visualize/tests/test_view.py::TestVisualizeView::test_setup_template_variables
ckanext/visualize/tests/test_view.py::TestVisualizeView::test_setup_template_variables
ckanext/visualize/tests/test_view.py::TestVisualizeView::test_setup_template_variables
ckanext/visualize/tests/test_view.py::TestVisualizeView::test_setup_template_variables
ckanext/visualize/tests/test_view.py::TestVisualizeView::test_setup_template_variables
ckanext/visualize/tests/test_view.py::TestVisualizeView::test_view_template
ckanext/visualize/tests/test_view.py::TestVisualizeView::test_view_template
ckanext/visualize/tests/test_view.py::TestVisualizeView::test_view_template
ckanext/visualize/tests/test_view.py::TestVisualizeView::test_view_template
ckanext/visualize/tests/test_view.py::TestVisualizeView::test_view_template
ckanext/visualize/tests/test_view.py::TestVisualizeView::test_view_template
ckanext/visualize/tests/test_view.py::TestVisualizeView::test_view_template
ckanext/visualize/tests/test_view.py::TestVisualizeView::test_update_config_schema
ckanext/visualize/tests/test_view.py::TestVisualizeView::test_update_config_schema
ckanext/visualize/tests/test_view.py::TestVisualizeView::test_update_config_schema
ckanext/visualize/tests/test_view.py::TestVisualizeView::test_update_config_schema
ckanext/visualize/tests/test_view.py::TestVisualizeView::test_update_config_schema
ckanext/visualize/tests/test_view.py::TestVisualizeView::test_update_config_schema
ckanext/visualize/tests/test_view.py::TestVisualizeView::test_update_config_schema
  /home/elena/Desktop/local_ckan_1/lib/python3.6/site-packages/sqlalchemy/orm/session.py:854: SADeprecationWarning: SessionExtension.after_begin is deprecated.  The SessionExtension class will be removed in a future release.  Please transition to the @event interface, using @event.listens_for(Session, 'after_begin').
    SessionExtension._adapt_listener(self, ext)

ckanext/visualize/tests/test_blueprints.py::TestVisualizeDataController::test_visualize_data_endpoint_not_authorized
ckanext/visualize/tests/test_blueprints.py::TestVisualizeDataController::test_visualize_data_endpoint_not_authorized
ckanext/visualize/tests/test_blueprints.py::TestVisualizeDataController::test_visualize_data_endpoint_not_authorized
ckanext/visualize/tests/test_blueprints.py::TestVisualizeDataController::test_visualize_data_endpoint_not_authorized
ckanext/visualize/tests/test_blueprints.py::TestVisualizeDataController::test_visualize_data_endpoint
ckanext/visualize/tests/test_blueprints.py::TestVisualizeDataController::test_visualize_data_endpoint
ckanext/visualize/tests/test_blueprints.py::TestVisualizeDataController::test_visualize_data_endpoint
ckanext/visualize/tests/test_view.py::TestVisualizeView::test_setup_template_variables
ckanext/visualize/tests/test_view.py::TestVisualizeView::test_setup_template_variables
ckanext/visualize/tests/test_view.py::TestVisualizeView::test_setup_template_variables
  /home/elena/Desktop/local_ckan_1/src/ckan/ckan/lib/dictization/__init__.py:127: SADeprecationWarning: Use .persist_selectable
    table = class_mapper(ModelClass).mapped_table

ckanext/visualize/tests/test_blueprints.py::TestVisualizeDataController::test_visualize_data_endpoint_not_authorized
ckanext/visualize/tests/test_blueprints.py::TestVisualizeDataController::test_visualize_data_endpoint_not_authorized
ckanext/visualize/tests/test_blueprints.py::TestVisualizeDataController::test_visualize_data_endpoint_not_authorized
ckanext/visualize/tests/test_blueprints.py::TestVisualizeDataController::test_visualize_data_endpoint_not_authorized
ckanext/visualize/tests/test_blueprints.py::TestVisualizeDataController::test_visualize_data_endpoint_not_authorized
ckanext/visualize/tests/test_blueprints.py::TestVisualizeDataController::test_visualize_data_endpoint
ckanext/visualize/tests/test_blueprints.py::TestVisualizeDataController::test_visualize_data_endpoint
ckanext/visualize/tests/test_blueprints.py::TestVisualizeDataController::test_visualize_data_endpoint
ckanext/visualize/tests/test_blueprints.py::TestVisualizeDataController::test_visualize_data_endpoint
ckanext/visualize/tests/test_view.py::TestVisualizeView::test_setup_template_variables
ckanext/visualize/tests/test_view.py::TestVisualizeView::test_setup_template_variables
ckanext/visualize/tests/test_view.py::TestVisualizeView::test_setup_template_variables
ckanext/visualize/tests/test_view.py::TestVisualizeView::test_setup_template_variables
  /home/elena/Desktop/local_ckan_1/src/ckan/ckan/model/domain_object.py:125: SADeprecationWarning: Use .persist_selectable
    table = orm.class_mapper(self.__class__).mapped_table

ckanext/visualize/tests/test_blueprints.py::TestVisualizeDataController::test_visualize_data_endpoint_not_authorized
ckanext/visualize/tests/test_blueprints.py::TestVisualizeDataController::test_visualize_data_endpoint_not_authorized
ckanext/visualize/tests/test_blueprints.py::TestVisualizeDataController::test_visualize_data_endpoint_not_authorized
ckanext/visualize/tests/test_blueprints.py::TestVisualizeDataController::test_visualize_data_endpoint_not_authorized
ckanext/visualize/tests/test_blueprints.py::TestVisualizeDataController::test_visualize_data_endpoint_not_authorized
ckanext/visualize/tests/test_blueprints.py::TestVisualizeDataController::test_visualize_data_endpoint_not_authorized
ckanext/visualize/tests/test_blueprints.py::TestVisualizeDataController::test_visualize_data_endpoint_not_authorized
ckanext/visualize/tests/test_blueprints.py::TestVisualizeDataController::test_visualize_data_endpoint_not_authorized
ckanext/visualize/tests/test_blueprints.py::TestVisualizeDataController::test_visualize_data_endpoint_not_authorized
ckanext/visualize/tests/test_blueprints.py::TestVisualizeDataController::test_visualize_data_endpoint_not_authorized
ckanext/visualize/tests/test_blueprints.py::TestVisualizeDataController::test_visualize_data_endpoint
ckanext/visualize/tests/test_blueprints.py::TestVisualizeDataController::test_visualize_data_endpoint
ckanext/visualize/tests/test_blueprints.py::TestVisualizeDataController::test_visualize_data_endpoint
ckanext/visualize/tests/test_blueprints.py::TestVisualizeDataController::test_visualize_data_endpoint
ckanext/visualize/tests/test_blueprints.py::TestVisualizeDataController::test_visualize_data_endpoint
ckanext/visualize/tests/test_blueprints.py::TestVisualizeDataController::test_visualize_data_endpoint
ckanext/visualize/tests/test_blueprints.py::TestVisualizeDataController::test_visualize_data_endpoint
ckanext/visualize/tests/test_blueprints.py::TestVisualizeDataController::test_visualize_data_endpoint
ckanext/visualize/tests/test_blueprints.py::TestAdminController::test_visualize_data_endpoint_admin
ckanext/visualize/tests/test_blueprints.py::TestAdminController::test_visualize_data_endpoint_admin
ckanext/visualize/tests/test_blueprints.py::TestAdminController::test_visualize_data_endpoint_predefined_color
ckanext/visualize/tests/test_blueprints.py::TestAdminController::test_visualize_data_endpoint_predefined_color
ckanext/visualize/tests/test_blueprints.py::TestAdminController::test_visualize_data_endpoint_post
ckanext/visualize/tests/test_blueprints.py::TestAdminController::test_visualize_data_endpoint_post_icon_url
ckanext/visualize/tests/test_blueprints.py::TestAdminController::test_visualize_data_endpoint_post_icon_upload
ckanext/visualize/tests/test_blueprints.py::TestAdminController::test_visualize_data_endpoint_reset
ckanext/visualize/tests/test_blueprints.py::TestAdminController::test_visualize_data_endpoint_reset
ckanext/visualize/tests/test_view.py::TestVisualizeView::test_setup_template_variables
ckanext/visualize/tests/test_view.py::TestVisualizeView::test_setup_template_variables
ckanext/visualize/tests/test_view.py::TestVisualizeView::test_setup_template_variables
ckanext/visualize/tests/test_view.py::TestVisualizeView::test_setup_template_variables
ckanext/visualize/tests/test_view.py::TestVisualizeView::test_setup_template_variables
ckanext/visualize/tests/test_view.py::TestVisualizeView::test_setup_template_variables
ckanext/visualize/tests/test_view.py::TestVisualizeView::test_setup_template_variables
ckanext/visualize/tests/test_view.py::TestVisualizeView::test_setup_template_variables
  /home/elena/Desktop/local_ckan_1/src/ckan/ckan/lib/dictization/__init__.py:41: SADeprecationWarning: Use .persist_selectable
    table = class_mapper(ModelClass).mapped_table

ckanext/visualize/tests/test_blueprints.py::TestVisualizeDataController::test_visualize_data_endpoint_not_authorized
ckanext/visualize/tests/test_blueprints.py::TestVisualizeDataController::test_visualize_data_endpoint_not_authorized
ckanext/visualize/tests/test_blueprints.py::TestVisualizeDataController::test_visualize_data_endpoint_not_authorized
ckanext/visualize/tests/test_blueprints.py::TestVisualizeDataController::test_visualize_data_endpoint_not_authorized
ckanext/visualize/tests/test_blueprints.py::TestVisualizeDataController::test_visualize_data_endpoint_not_authorized
ckanext/visualize/tests/test_blueprints.py::TestVisualizeDataController::test_visualize_data_endpoint
ckanext/visualize/tests/test_blueprints.py::TestVisualizeDataController::test_visualize_data_endpoint
ckanext/visualize/tests/test_blueprints.py::TestVisualizeDataController::test_visualize_data_endpoint
ckanext/visualize/tests/test_blueprints.py::TestAdminController::test_visualize_data_endpoint_post_icon_url
ckanext/visualize/tests/test_blueprints.py::TestAdminController::test_visualize_data_endpoint_post_icon_url
ckanext/visualize/tests/test_view.py::TestVisualizeView::test_setup_template_variables
ckanext/visualize/tests/test_view.py::TestVisualizeView::test_setup_template_variables
ckanext/visualize/tests/test_view.py::TestVisualizeView::test_setup_template_variables
  /home/elena/Desktop/local_ckan_1/src/ckan/ckan/model/meta.py:46: SADeprecationWarning: The Session.is_modified.passive flag is deprecated and will be removed in a future release.  The flag is no longer used and is ignored.
    session.is_modified(obj, include_collections=False, passive=True)]

ckanext/visualize/tests/test_blueprints.py::TestVisualizeDataController::test_visualize_data_endpoint_not_authorized
ckanext/visualize/tests/test_blueprints.py::TestVisualizeDataController::test_visualize_data_endpoint
ckanext/visualize/tests/test_view.py::TestVisualizeView::test_setup_template_variables
  /home/elena/Desktop/local_ckan_1/src/ckan/ckan/lib/dictization/model_save.py:31: SADeprecationWarning: Use .persist_selectable
    table = class_mapper(model.Resource).mapped_table

ckanext/visualize/tests/test_helpers.py::TestHelpers::test_get_color_palette
ckanext/visualize/tests/test_helpers.py::TestHelpers::test_get_color_palette_from_config
ckanext/visualize/tests/test_helpers.py::TestHelpers::test_get_icon_for_data_type
ckanext/visualize/tests/test_helpers.py::TestHelpers::test_get_icon_for_data_type_no_type
ckanext/visualize/tests/test_view.py::TestVisualizeView::test_info
ckanext/visualize/tests/test_view.py::TestVisualizeView::test_can_view
ckanext/visualize/tests/test_view.py::TestVisualizeView::test_setup_template_variables
ckanext/visualize/tests/test_view.py::TestVisualizeView::test_view_template
ckanext/visualize/tests/test_view.py::TestVisualizeView::test_update_config_schema
  /home/elena/Desktop/local_ckan_1/lib/python3.6/site-packages/sqlalchemy/orm/scoping.py:198: SADeprecationWarning: The Session.close_all() method is deprecated and will be removed in a future release.  Please refer to session.close_all_sessions().
    return getattr(Session, name)(*args, **kwargs)

-- Docs: https://docs.pytest.org/en/latest/warnings.html
============= 4 failed, 15 passed, 1391 warnings in 13.95 seconds ==============
